TN:
SF:src/aiFixService.ts
FN:65,escapeCodeFences
FN:69,buildFixPrompt
FN:144,(anonymous_11)
FN:146,(anonymous_12)
FN:160,(anonymous_13)
FN:164,(anonymous_14)
FN:168,(anonymous_15)
FN:173,(anonymous_16)
FN:201,(anonymous_17)
FN:227,(anonymous_18)
FN:244,(anonymous_19)
FN:253,(anonymous_20)
FN:271,(anonymous_21)
FN:280,(anonymous_22)
FN:291,(anonymous_23)
FN:303,(anonymous_24)
FN:310,(anonymous_25)
FN:323,(anonymous_26)
FN:325,(anonymous_27)
FN:326,(anonymous_28)
FN:358,(anonymous_29)
FN:362,(anonymous_30)
FN:372,(anonymous_31)
FN:395,(anonymous_32)
FN:399,(anonymous_33)
FNF:25
FNH:2
FNDA:13,escapeCodeFences
FNDA:5,buildFixPrompt
FNDA:0,(anonymous_11)
FNDA:0,(anonymous_12)
FNDA:0,(anonymous_13)
FNDA:0,(anonymous_14)
FNDA:0,(anonymous_15)
FNDA:0,(anonymous_16)
FNDA:0,(anonymous_17)
FNDA:0,(anonymous_18)
FNDA:0,(anonymous_19)
FNDA:0,(anonymous_20)
FNDA:0,(anonymous_21)
FNDA:0,(anonymous_22)
FNDA:0,(anonymous_23)
FNDA:0,(anonymous_24)
FNDA:0,(anonymous_25)
FNDA:0,(anonymous_26)
FNDA:0,(anonymous_27)
FNDA:0,(anonymous_28)
FNDA:0,(anonymous_29)
FNDA:0,(anonymous_30)
FNDA:0,(anonymous_31)
FNDA:0,(anonymous_32)
FNDA:0,(anonymous_33)
DA:1,1
DA:2,1
DA:50,1
DA:56,1
DA:66,13
DA:69,1
DA:70,5
DA:72,5
DA:96,5
DA:101,5
DA:105,5
DA:109,5
DA:115,5
DA:140,5
DA:143,1
DA:144,0
DA:147,0
DA:148,0
DA:149,0
DA:150,0
DA:152,0
DA:153,0
DA:154,0
DA:157,0
DA:161,0
DA:165,0
DA:169,0
DA:170,0
DA:174,0
DA:177,0
DA:178,0
DA:180,0
DA:181,0
DA:183,0
DA:184,0
DA:186,0
DA:187,0
DA:189,0
DA:192,0
DA:193,0
DA:195,0
DA:198,0
DA:202,0
DA:203,0
DA:206,0
DA:208,0
DA:209,0
DA:211,0
DA:212,0
DA:214,0
DA:215,0
DA:217,0
DA:220,0
DA:222,0
DA:223,0
DA:228,0
DA:235,0
DA:245,0
DA:246,0
DA:248,0
DA:254,0
DA:263,0
DA:272,0
DA:273,0
DA:275,0
DA:281,0
DA:286,0
DA:292,0
DA:293,0
DA:294,0
DA:295,0
DA:298,0
DA:310,0
DA:311,0
DA:323,0
DA:324,0
DA:325,0
DA:326,0
DA:327,0
DA:328,0
DA:329,0
DA:330,0
DA:332,0
DA:333,0
DA:334,0
DA:336,0
DA:337,0
DA:338,0
DA:339,0
DA:340,0
DA:342,0
DA:343,0
DA:346,0
DA:347,0
DA:349,0
DA:350,0
DA:352,0
DA:358,0
DA:359,0
DA:362,0
DA:363,0
DA:364,0
DA:367,0
DA:368,0
DA:373,0
DA:374,0
DA:375,0
DA:377,0
DA:378,0
DA:381,0
DA:382,0
DA:383,0
DA:384,0
DA:388,0
DA:389,0
DA:392,0
DA:396,0
LF:117
LH:15
BRDA:77,0,0,2
BRDA:77,0,1,3
BRDA:80,1,0,2
BRDA:80,1,1,3
BRDA:86,2,0,2
BRDA:86,2,1,3
BRDA:96,3,0,0
BRDA:96,3,1,5
BRDA:101,4,0,0
BRDA:101,4,1,5
BRDA:105,5,0,3
BRDA:105,5,1,2
BRDA:105,6,0,5
BRDA:105,6,1,3
BRDA:109,7,0,2
BRDA:109,7,1,3
BRDA:111,8,0,0
BRDA:111,8,1,3
BRDA:150,9,0,0
BRDA:150,9,1,0
BRDA:153,10,0,0
BRDA:153,10,1,0
BRDA:178,11,0,0
BRDA:178,11,1,0
BRDA:178,11,2,0
BRDA:178,11,3,0
BRDA:192,12,0,0
BRDA:192,12,1,0
BRDA:195,13,0,0
BRDA:195,13,1,0
BRDA:206,14,0,0
BRDA:206,14,1,0
BRDA:206,14,2,0
BRDA:206,14,3,0
BRDA:222,15,0,0
BRDA:222,15,1,0
BRDA:245,16,0,0
BRDA:245,16,1,0
BRDA:245,17,0,0
BRDA:245,17,1,0
BRDA:245,17,2,0
BRDA:272,18,0,0
BRDA:272,18,1,0
BRDA:272,19,0,0
BRDA:272,19,1,0
BRDA:272,19,2,0
BRDA:292,20,0,0
BRDA:292,20,1,0
BRDA:292,21,0,0
BRDA:292,21,1,0
BRDA:292,21,2,0
BRDA:294,22,0,0
BRDA:294,22,1,0
BRDA:294,23,0,0
BRDA:294,23,1,0
BRDA:294,23,2,0
BRDA:328,24,0,0
BRDA:328,24,1,0
BRDA:328,25,0,0
BRDA:328,25,1,0
BRDA:332,26,0,0
BRDA:332,26,1,0
BRDA:336,27,0,0
BRDA:336,27,1,0
BRDA:336,28,0,0
BRDA:336,28,1,0
BRDA:340,29,0,0
BRDA:340,29,1,0
BRDA:340,29,2,0
BRDA:349,30,0,0
BRDA:349,30,1,0
BRDA:377,31,0,0
BRDA:377,31,1,0
BRDA:377,32,0,0
BRDA:377,32,1,0
BRDA:382,33,0,0
BRDA:382,33,1,0
BRDA:383,34,0,0
BRDA:383,34,1,0
BRDA:384,35,0,0
BRDA:384,35,1,0
BRDA:388,36,0,0
BRDA:388,36,1,0
BRF:83
BRH:15
end_of_record
TN:
SF:src/baseline.ts
FN:41,normalisePath
FN:45,loadBaseline
FN:68,buildBaseline
FN:86,writeBaseline
FN:119,applyBaseline
FNF:5
FNH:5
FNDA:16,normalisePath
FNDA:4,loadBaseline
FNDA:2,buildBaseline
FNDA:1,writeBaseline
FNDA:5,applyBaseline
DA:26,3
DA:41,3
DA:42,16
DA:45,3
DA:47,4
DA:48,4
DA:50,1
DA:53,3
DA:54,3
DA:56,1
DA:58,2
DA:59,1
DA:61,1
DA:68,3
DA:72,2
DA:73,2
DA:74,5
DA:75,5
DA:76,5
DA:78,2
DA:86,3
DA:88,1
DA:94,1
DA:95,1
DA:96,2
DA:97,2
DA:98,3
DA:100,1
DA:119,3
DA:124,5
DA:125,5
DA:126,9
DA:127,9
DA:128,9
DA:131,5
DA:132,5
DA:134,5
DA:135,6
DA:136,6
DA:137,6
DA:139,3
DA:141,3
DA:142,3
DA:146,5
LF:44
LH:44
BRDA:58,0,0,1
BRDA:58,0,1,1
BRDA:58,1,0,2
BRDA:58,1,1,2
BRDA:58,1,2,1
BRDA:75,2,0,3
BRDA:75,2,1,2
BRDA:76,3,0,5
BRDA:76,3,1,4
BRDA:127,4,0,6
BRDA:127,4,1,3
BRDA:136,5,0,6
BRDA:136,5,1,5
BRDA:136,5,2,2
BRDA:137,6,0,3
BRDA:137,6,1,3
BRF:16
BRH:16
end_of_record
TN:
SF:src/caspianIgnore.ts
FN:22,loadIgnoreFile
FN:51,parseLine
FN:94,appendIgnoreEntry
FN:120,isIgnored
FNF:4
FNH:4
FNDA:6,loadIgnoreFile
FNDA:7,parseLine
FNDA:4,appendIgnoreEntry
FNDA:8,isIgnored
DA:1,1
DA:2,1
DA:11,1
DA:13,1
DA:22,1
DA:23,6
DA:25,6
DA:26,1
DA:29,5
DA:30,5
DA:32,5
DA:33,17
DA:34,17
DA:35,10
DA:38,7
DA:39,7
DA:40,7
DA:44,5
DA:53,7
DA:54,7
DA:55,7
DA:58,7
DA:59,7
DA:60,0
DA:63,7
DA:64,7
DA:67,7
DA:71,7
DA:72,2
DA:73,2
DA:74,2
DA:75,2
DA:76,2
DA:78,0
DA:81,5
DA:85,7
DA:87,7
DA:94,1
DA:95,4
DA:96,4
DA:98,4
DA:99,4
DA:100,1
DA:102,4
DA:103,1
DA:106,4
DA:107,3
DA:110,1
DA:111,1
DA:112,1
DA:120,1
DA:126,8
DA:128,8
DA:129,8
DA:130,1
DA:133,7
DA:134,1
DA:138,6
DA:139,2
DA:140,1
DA:144,5
DA:147,3
LF:62
LH:60
BRDA:25,0,0,1
BRDA:25,0,1,5
BRDA:34,1,0,10
BRDA:34,1,1,7
BRDA:34,2,0,17
BRDA:34,2,1,10
BRDA:39,3,0,7
BRDA:39,3,1,0
BRDA:54,4,0,1
BRDA:54,4,1,6
BRDA:55,5,0,1
BRDA:55,5,1,6
BRDA:59,6,0,0
BRDA:59,6,1,7
BRDA:71,7,0,2
BRDA:71,7,1,5
BRDA:74,8,0,2
BRDA:74,8,1,0
BRDA:74,9,0,2
BRDA:74,9,1,2
BRDA:87,10,0,7
BRDA:87,10,1,6
BRDA:99,11,0,1
BRDA:99,11,1,3
BRDA:102,12,0,1
BRDA:102,12,1,3
BRDA:106,13,0,3
BRDA:106,13,1,1
BRDA:111,14,0,1
BRDA:111,14,1,0
BRDA:129,15,0,1
BRDA:129,15,1,7
BRDA:133,16,0,1
BRDA:133,16,1,6
BRDA:138,17,0,2
BRDA:138,17,1,4
BRDA:138,18,0,6
BRDA:138,18,1,2
BRDA:139,19,0,1
BRDA:139,19,1,1
BRF:40
BRH:36
end_of_record
TN:
SF:src/confidenceAnalyzer.ts
FN:15,classifyConfidence
FN:41,isSecretRule
FN:42,(anonymous_2)
FN:45,isQueryRule
FN:46,(anonymous_4)
FN:54,classifySecret
FN:81,classifyQuery
FNF:7
FNH:7
FNDA:362,classifyConfidence
FNDA:362,isSecretRule
FNDA:707,(anonymous_2)
FNDA:345,isQueryRule
FNDA:1033,(anonymous_4)
FNDA:17,classifySecret
FNDA:2,classifyQuery
DA:4,7
DA:7,7
DA:15,7
DA:22,362
DA:23,0
DA:26,362
DA:29,362
DA:30,17
DA:34,345
DA:35,2
DA:38,343
DA:42,707
DA:46,1033
DA:55,17
DA:59,17
DA:61,14
DA:62,0
DA:64,14
DA:68,3
DA:69,3
DA:72,0
DA:82,2
DA:85,2
DA:86,1
DA:90,1
DA:91,0
DA:95,1
DA:96,1
DA:100,0
DA:101,0
DA:105,0
DA:106,0
DA:107,0
DA:108,0
DA:109,0
DA:110,0
DA:111,0
DA:115,0
LF:38
LH:24
BRDA:22,0,0,0
BRDA:22,0,1,362
BRDA:22,1,0,362
BRDA:22,1,1,362
BRDA:29,2,0,17
BRDA:29,2,1,345
BRDA:34,3,0,2
BRDA:34,3,1,343
BRDA:59,4,0,14
BRDA:59,4,1,3
BRDA:61,5,0,0
BRDA:61,5,1,14
BRDA:68,6,0,3
BRDA:68,6,1,0
BRDA:85,7,0,1
BRDA:85,7,1,1
BRDA:85,8,0,2
BRDA:85,8,1,1
BRDA:90,9,0,0
BRDA:90,9,1,1
BRDA:95,10,0,1
BRDA:95,10,1,0
BRDA:95,11,0,1
BRDA:95,11,1,1
BRDA:95,11,2,0
BRDA:100,12,0,0
BRDA:100,12,1,0
BRDA:108,13,0,0
BRDA:108,13,1,0
BRDA:110,14,0,0
BRDA:110,14,1,0
BRF:31
BRH:19
end_of_record
TN:
SF:src/dependencyChecker.ts
FN:63,parseSemver
FN:69,computeUpdateType
FN:79,execCommand
FN:80,(anonymous_12)
FN:81,(anonymous_13)
FN:93,runNpmOutdated
FN:102,(anonymous_15)
FN:116,runNpmAudit
FN:162,(anonymous_17)
FN:188,(anonymous_18)
FN:201,checkStackVersions
FN:274,checkDependencies
FN:331,formatResultsAsText
FN:414,(anonymous_22)
FN:415,(anonymous_23)
FN:416,(anonymous_24)
FN:419,(anonymous_25)
FN:425,(anonymous_26)
FNF:18
FNH:0
FNDA:0,parseSemver
FNDA:0,computeUpdateType
FNDA:0,execCommand
FNDA:0,(anonymous_12)
FNDA:0,(anonymous_13)
FNDA:0,runNpmOutdated
FNDA:0,(anonymous_15)
FNDA:0,runNpmAudit
FNDA:0,(anonymous_17)
FNDA:0,(anonymous_18)
FNDA:0,checkStackVersions
FNDA:0,checkDependencies
FNDA:0,formatResultsAsText
FNDA:0,(anonymous_22)
FNDA:0,(anonymous_23)
FNDA:0,(anonymous_24)
FNDA:0,(anonymous_25)
FNDA:0,(anonymous_26)
DA:1,1
DA:2,1
DA:3,1
DA:4,1
DA:64,0
DA:65,0
DA:66,0
DA:69,1
DA:70,0
DA:71,0
DA:72,0
DA:73,0
DA:74,0
DA:75,0
DA:76,0
DA:80,0
DA:81,0
DA:84,0
DA:85,0
DA:86,0
DA:94,0
DA:96,0
DA:97,0
DA:100,0
DA:101,0
DA:102,0
DA:110,0
DA:112,0
DA:117,0
DA:118,0
DA:120,0
DA:121,0
DA:124,0
DA:125,0
DA:128,0
DA:129,0
DA:130,0
DA:132,0
DA:133,0
DA:134,0
DA:137,0
DA:138,0
DA:139,0
DA:140,0
DA:141,0
DA:142,0
DA:143,0
DA:144,0
DA:145,0
DA:146,0
DA:151,0
DA:161,0
DA:162,0
DA:164,0
DA:170,0
DA:171,0
DA:172,0
DA:174,0
DA:175,0
DA:176,0
DA:177,0
DA:187,0
DA:188,0
DA:190,0
DA:195,0
DA:197,0
DA:202,0
DA:203,0
DA:206,0
DA:207,0
DA:208,0
DA:209,0
DA:210,0
DA:211,0
DA:212,0
DA:220,0
DA:224,0
DA:225,0
DA:226,0
DA:227,0
DA:229,0
DA:230,0
DA:231,0
DA:232,0
DA:233,0
DA:234,0
DA:243,0
DA:247,0
DA:248,0
DA:249,0
DA:250,0
DA:252,0
DA:253,0
DA:254,0
DA:255,0
DA:256,0
DA:257,0
DA:266,0
DA:269,0
DA:274,1
DA:278,0
DA:279,0
DA:282,0
DA:286,0
DA:287,0
DA:288,0
DA:289,0
DA:291,0
DA:292,0
DA:294,0
DA:306,0
DA:313,0
DA:314,0
DA:315,0
DA:316,0
DA:318,0
DA:331,1
DA:332,0
DA:335,0
DA:336,0
DA:337,0
DA:338,0
DA:340,0
DA:341,0
DA:342,0
DA:343,0
DA:344,0
DA:345,0
DA:348,0
DA:351,0
DA:352,0
DA:353,0
DA:354,0
DA:356,0
DA:357,0
DA:358,0
DA:359,0
DA:361,0
DA:362,0
DA:363,0
DA:365,0
DA:368,0
DA:371,0
DA:372,0
DA:373,0
DA:374,0
DA:375,0
DA:377,0
DA:378,0
DA:379,0
DA:381,0
DA:382,0
DA:383,0
DA:384,0
DA:385,0
DA:387,0
DA:388,0
DA:389,0
DA:393,0
DA:397,0
DA:398,0
DA:399,0
DA:400,0
DA:402,0
DA:403,0
DA:404,0
DA:405,0
DA:406,0
DA:409,0
DA:412,0
DA:413,0
DA:414,0
DA:415,0
DA:416,0
DA:418,0
DA:419,0
DA:421,0
DA:422,0
DA:425,0
DA:426,0
DA:429,0
DA:430,0
DA:431,0
DA:432,0
DA:433,0
DA:434,0
DA:438,0
LF:187
LH:7
BRDA:65,0,0,0
BRDA:65,0,1,0
BRDA:72,1,0,0
BRDA:72,1,1,0
BRDA:72,2,0,0
BRDA:72,2,1,0
BRDA:73,3,0,0
BRDA:73,3,1,0
BRDA:74,4,0,0
BRDA:74,4,1,0
BRDA:75,5,0,0
BRDA:75,5,1,0
BRDA:84,6,0,0
BRDA:84,6,1,0
BRDA:84,6,2,0
BRDA:85,7,0,0
BRDA:85,7,1,0
BRDA:85,7,2,0
BRDA:96,8,0,0
BRDA:96,8,1,0
BRDA:104,9,0,0
BRDA:104,9,1,0
BRDA:105,10,0,0
BRDA:105,10,1,0
BRDA:106,11,0,0
BRDA:106,11,1,0
BRDA:107,12,0,0
BRDA:107,12,1,0
BRDA:108,13,0,0
BRDA:108,13,1,0
BRDA:108,14,0,0
BRDA:108,14,1,0
BRDA:120,15,0,0
BRDA:120,15,1,0
BRDA:128,16,0,0
BRDA:128,16,1,0
BRDA:128,17,0,0
BRDA:128,17,1,0
BRDA:133,18,0,0
BRDA:133,18,1,0
BRDA:134,19,0,0
BRDA:134,19,1,0
BRDA:139,20,0,0
BRDA:139,20,1,0
BRDA:140,21,0,0
BRDA:140,21,1,0
BRDA:142,22,0,0
BRDA:142,22,1,0
BRDA:142,23,0,0
BRDA:142,23,1,0
BRDA:144,24,0,0
BRDA:144,24,1,0
BRDA:145,25,0,0
BRDA:145,25,1,0
BRDA:154,26,0,0
BRDA:154,26,1,0
BRDA:161,27,0,0
BRDA:161,27,1,0
BRDA:170,28,0,0
BRDA:170,28,1,0
BRDA:170,29,0,0
BRDA:170,29,1,0
BRDA:175,30,0,0
BRDA:175,30,1,0
BRDA:176,31,0,0
BRDA:176,31,1,0
BRDA:178,32,0,0
BRDA:178,32,1,0
BRDA:180,33,0,0
BRDA:180,33,1,0
BRDA:181,34,0,0
BRDA:181,34,1,0
BRDA:182,35,0,0
BRDA:182,35,1,0
BRDA:183,36,0,0
BRDA:183,36,1,0
BRDA:187,37,0,0
BRDA:187,37,1,0
BRDA:215,38,0,0
BRDA:215,38,1,0
BRDA:216,39,0,0
BRDA:216,39,1,0
BRDA:216,39,2,0
BRDA:217,40,0,0
BRDA:217,40,1,0
BRDA:217,41,0,0
BRDA:217,41,1,0
BRDA:217,41,2,0
BRDA:217,42,0,0
BRDA:217,42,1,0
BRDA:227,43,0,0
BRDA:227,43,1,0
BRDA:227,43,2,0
BRDA:229,44,0,0
BRDA:229,44,1,0
BRDA:237,45,0,0
BRDA:237,45,1,0
BRDA:239,46,0,0
BRDA:239,46,1,0
BRDA:250,47,0,0
BRDA:250,47,1,0
BRDA:252,48,0,0
BRDA:252,48,1,0
BRDA:260,49,0,0
BRDA:260,49,1,0
BRDA:262,50,0,0
BRDA:262,50,1,0
BRDA:276,51,0,0
BRDA:282,52,0,0
BRDA:282,52,1,0
BRDA:286,53,0,0
BRDA:286,53,1,0
BRDA:288,54,0,0
BRDA:288,54,1,0
BRDA:313,55,0,0
BRDA:313,55,1,0
BRDA:314,56,0,0
BRDA:314,56,1,0
BRDA:316,57,0,0
BRDA:316,57,1,0
BRDA:337,58,0,0
BRDA:337,58,1,0
BRDA:341,59,0,0
BRDA:341,59,1,0
BRDA:353,60,0,0
BRDA:353,60,1,0
BRDA:357,61,0,0
BRDA:357,61,1,0
BRDA:358,62,0,0
BRDA:358,62,1,0
BRDA:361,63,0,0
BRDA:361,63,1,0
BRDA:362,64,0,0
BRDA:362,64,1,0
BRDA:371,65,0,0
BRDA:371,65,1,0
BRDA:374,66,0,0
BRDA:374,66,1,0
BRDA:378,67,0,0
BRDA:378,67,1,0
BRDA:384,68,0,0
BRDA:384,68,1,0
BRDA:387,69,0,0
BRDA:387,69,1,0
BRDA:399,70,0,0
BRDA:399,70,1,0
BRDA:404,71,0,0
BRDA:404,71,1,0
BRDA:405,72,0,0
BRDA:405,72,1,0
BRDA:418,73,0,0
BRDA:418,73,1,0
BRDA:419,74,0,0
BRDA:419,74,1,0
BRDA:421,75,0,0
BRDA:421,75,1,0
BRDA:429,76,0,0
BRDA:429,76,1,0
BRF:158
BRH:0
end_of_record
TN:
SF:src/fileStateTracker.ts
FN:30,(anonymous_9)
FN:46,(anonymous_10)
FN:50,(anonymous_11)
FN:60,(anonymous_12)
FN:67,(anonymous_13)
FN:103,(anonymous_14)
FN:140,(anonymous_15)
FN:148,(anonymous_16)
FN:152,(anonymous_17)
FN:156,(anonymous_18)
FN:160,(anonymous_19)
FN:166,(anonymous_20)
FN:181,(anonymous_21)
FN:189,(anonymous_22)
FN:194,(anonymous_23)
FN:200,(anonymous_24)
FN:205,(anonymous_25)
FNF:17
FNH:12
FNDA:1,(anonymous_9)
FNDA:7,(anonymous_10)
FNDA:2,(anonymous_11)
FNDA:2,(anonymous_12)
FNDA:3,(anonymous_13)
FNDA:6,(anonymous_14)
FNDA:3,(anonymous_15)
FNDA:0,(anonymous_16)
FNDA:0,(anonymous_17)
FNDA:0,(anonymous_18)
FNDA:0,(anonymous_19)
FNDA:2,(anonymous_20)
FNDA:7,(anonymous_21)
FNDA:6,(anonymous_22)
FNDA:6,(anonymous_23)
FNDA:5,(anonymous_24)
FNDA:0,(anonymous_25)
DA:1,1
DA:2,1
DA:3,1
DA:5,1
DA:30,1
DA:31,1
DA:32,1
DA:33,1
DA:34,1
DA:37,1
DA:39,1
DA:40,7
DA:41,7
DA:43,7
DA:44,7
DA:47,7
DA:51,2
DA:59,2
DA:60,2
DA:68,3
DA:69,3
DA:70,0
DA:73,3
DA:74,3
DA:75,3
DA:76,3
DA:79,3
DA:80,2
DA:84,1
DA:85,0
DA:89,1
DA:90,1
DA:92,0
DA:93,0
DA:94,0
DA:97,1
DA:99,0
DA:110,6
DA:111,6
DA:115,6
DA:119,6
DA:129,6
DA:131,0
DA:141,3
DA:142,3
DA:143,1
DA:145,2
DA:149,0
DA:153,0
DA:157,0
DA:161,0
DA:162,0
DA:167,2
DA:168,2
DA:169,2
DA:182,7
DA:183,7
DA:184,7
DA:186,7
DA:190,6
DA:191,6
DA:195,6
DA:198,6
DA:200,5
DA:206,0
LF:65
LH:52
BRDA:30,0,0,1
BRDA:30,0,1,1
BRDA:69,1,0,0
BRDA:69,1,1,3
BRDA:79,2,0,2
BRDA:79,2,1,1
BRDA:79,3,0,3
BRDA:79,3,1,2
BRDA:84,4,0,0
BRDA:84,4,1,1
BRDA:90,5,0,0
BRDA:90,5,1,1
BRDA:115,6,0,1
BRDA:115,6,1,5
BRDA:142,7,0,1
BRDA:142,7,1,2
BRDA:142,8,0,3
BRDA:142,8,1,3
BRDA:161,9,0,0
BRDA:161,9,1,0
BRDA:167,10,0,0
BRDA:167,10,1,2
BRF:22
BRH:16
end_of_record
TN:
SF:src/fixTracker.ts
FN:3,(anonymous_9)
FN:42,(anonymous_10)
FN:46,(anonymous_11)
FN:50,(anonymous_12)
FN:54,(anonymous_13)
FN:58,(anonymous_14)
FN:84,(anonymous_15)
FN:106,(anonymous_16)
FN:115,(anonymous_17)
FN:137,(anonymous_18)
FN:143,(anonymous_19)
FN:149,(anonymous_20)
FN:177,(anonymous_21)
FN:181,(anonymous_22)
FN:186,(anonymous_23)
FN:194,(anonymous_24)
FNF:16
FNH:1
FNDA:1,(anonymous_9)
FNDA:0,(anonymous_10)
FNDA:0,(anonymous_11)
FNDA:0,(anonymous_12)
FNDA:0,(anonymous_13)
FNDA:0,(anonymous_14)
FNDA:0,(anonymous_15)
FNDA:0,(anonymous_16)
FNDA:0,(anonymous_17)
FNDA:0,(anonymous_18)
FNDA:0,(anonymous_19)
FNDA:0,(anonymous_20)
FNDA:0,(anonymous_21)
FNDA:0,(anonymous_22)
FNDA:0,(anonymous_23)
FNDA:0,(anonymous_24)
DA:1,1
DA:3,1
DA:4,1
DA:5,1
DA:6,1
DA:7,1
DA:8,1
DA:35,1
DA:37,1
DA:38,0
DA:39,0
DA:40,0
DA:42,0
DA:43,0
DA:47,0
DA:51,0
DA:55,0
DA:68,0
DA:80,0
DA:81,0
DA:92,0
DA:102,0
DA:103,0
DA:107,0
DA:108,0
DA:109,0
DA:110,0
DA:111,0
DA:123,0
DA:133,0
DA:134,0
DA:138,0
DA:139,0
DA:140,0
DA:144,0
DA:145,0
DA:146,0
DA:150,0
DA:151,0
DA:152,0
DA:153,0
DA:154,0
DA:155,0
DA:156,0
DA:158,0
DA:159,0
DA:161,0
DA:162,0
DA:164,0
DA:165,0
DA:167,0
DA:168,0
DA:170,0
DA:171,0
DA:174,0
DA:178,0
DA:182,0
DA:183,0
DA:187,0
DA:188,0
DA:189,0
DA:191,0
DA:195,0
LF:63
LH:9
BRDA:3,0,0,1
BRDA:3,0,1,1
BRDA:51,1,0,0
BRDA:51,1,1,0
BRDA:108,2,0,0
BRDA:108,2,1,0
BRDA:156,3,0,0
BRDA:156,3,1,0
BRDA:156,3,2,0
BRDA:156,3,3,0
BRDA:156,3,4,0
BRF:11
BRH:2
end_of_record
TN:
SF:src/generatedFileDetector.ts
FN:10,isGeneratedFile
FN:27,isGeneratedByPath
FN:51,(anonymous_2)
FN:57,isGeneratedByContent
FN:95,(anonymous_4)
FN:110,isMinified
FN:137,(anonymous_6)
FNF:7
FNH:7
FNDA:37,isGeneratedFile
FNDA:37,isGeneratedByPath
FNDA:591,(anonymous_2)
FNDA:30,isGeneratedByContent
FNDA:534,(anonymous_4)
FNDA:26,isMinified
FNDA:75,(anonymous_6)
DA:10,8
DA:12,37
DA:13,7
DA:17,30
DA:18,5
DA:21,25
DA:28,37
DA:30,37
DA:51,591
DA:59,30
DA:61,30
DA:95,534
DA:96,4
DA:100,26
DA:101,1
DA:104,25
DA:112,26
DA:115,26
DA:118,26
DA:120,1
DA:123,25
DA:126,25
DA:127,0
DA:131,25
DA:137,75
LF:25
LH:24
BRDA:12,0,0,7
BRDA:12,0,1,30
BRDA:17,1,0,5
BRDA:17,1,1,25
BRDA:95,2,0,4
BRDA:95,2,1,26
BRDA:100,3,0,1
BRDA:100,3,1,25
BRDA:115,4,0,26
BRDA:115,4,1,1
BRDA:118,5,0,1
BRDA:118,5,1,25
BRDA:126,6,0,0
BRDA:126,6,1,25
BRF:14
BRH:13
end_of_record
TN:
SF:src/gitDiff.ts
FN:37,getChangedFilesSince
FN:57,(anonymous_10)
FNF:2
FNH:2
FNDA:4,getChangedFilesSince
FNDA:47,(anonymous_10)
DA:20,3
DA:21,3
DA:37,3
DA:38,4
DA:44,4
DA:45,0
DA:49,4
DA:50,2
DA:51,2
DA:57,47
DA:58,2
DA:59,2
DA:62,45
DA:65,2
LF:14
LH:13
BRDA:44,0,0,0
BRDA:44,0,1,4
BRDA:49,1,0,2
BRDA:49,1,1,2
BRDA:50,2,0,2
BRDA:50,2,1,0
BRDA:53,3,0,2
BRDA:53,3,1,0
BRF:8
BRH:5
end_of_record
TN:
SF:src/osvScanner.ts
FN:56,parseRequirementsTxt
FN:71,parseGoMod
FN:95,parseCargoLock
FN:112,parseCargoToml
FN:141,parsePomXml
FN:181,parseGemfileLock
FN:203,parseComposerLock
FN:246,collectOsvPackages
FN:271,(anonymous_17)
FN:284,severityFromOsvRecord
FN:295,(anonymous_19)
FN:310,extractFixedVersion
FN:331,osvRequest
FN:332,(anonymous_22)
FN:345,(anonymous_23)
FN:347,(anonymous_24)
FN:348,(anonymous_25)
FN:361,(anonymous_26)
FN:373,queryBatch
FN:378,(anonymous_28)
FN:398,fetchVulnDetails
FN:403,(anonymous_30)
FN:403,(anonymous_31)
FN:405,(anonymous_32)
FN:418,runOsvCheck
FN:437,(anonymous_34)
FN:464,(anonymous_35)
FNF:27
FNH:24
FNDA:3,parseRequirementsTxt
FNDA:1,parseGoMod
FNDA:2,parseCargoLock
FNDA:2,parseCargoToml
FNDA:1,parsePomXml
FNDA:1,parseGemfileLock
FNDA:2,parseComposerLock
FNDA:4,collectOsvPackages
FNDA:4,(anonymous_17)
FNDA:8,severityFromOsvRecord
FNDA:1,(anonymous_19)
FNDA:4,extractFixedVersion
FNDA:4,osvRequest
FNDA:4,(anonymous_22)
FNDA:4,(anonymous_23)
FNDA:4,(anonymous_24)
FNDA:4,(anonymous_25)
FNDA:0,(anonymous_26)
FNDA:3,queryBatch
FNDA:4,(anonymous_28)
FNDA:1,fetchVulnDetails
FNDA:1,(anonymous_30)
FNDA:0,(anonymous_31)
FNDA:1,(anonymous_32)
FNDA:4,runOsvCheck
FNDA:1,(anonymous_34)
FNDA:0,(anonymous_35)
DA:16,2
DA:17,2
DA:18,2
DA:56,2
DA:57,3
DA:58,3
DA:59,13
DA:60,13
DA:61,7
DA:62,7
DA:63,7
DA:64,6
DA:67,3
DA:71,2
DA:72,1
DA:73,1
DA:74,1
DA:75,12
DA:76,12
DA:77,8
DA:78,3
DA:79,2
DA:80,2
DA:81,2
DA:83,2
DA:85,5
DA:86,4
DA:87,4
DA:88,1
DA:91,1
DA:95,2
DA:96,2
DA:97,2
DA:98,2
DA:99,3
DA:100,3
DA:101,3
DA:102,3
DA:105,2
DA:112,2
DA:113,2
DA:114,2
DA:115,2
DA:116,2
DA:117,14
DA:118,14
DA:119,12
DA:120,12
DA:121,4
DA:122,4
DA:124,8
DA:125,4
DA:126,4
DA:127,2
DA:128,2
DA:130,4
DA:131,3
DA:132,3
DA:133,3
DA:137,2
DA:141,2
DA:142,1
DA:144,1
DA:145,1
DA:146,1
DA:147,1
DA:149,1
DA:150,1
DA:154,1
DA:156,1
DA:157,4
DA:158,4
DA:159,4
DA:160,4
DA:161,4
DA:162,3
DA:163,3
DA:164,3
DA:165,2
DA:166,2
DA:167,1
DA:169,2
DA:170,2
DA:177,1
DA:181,2
DA:182,1
DA:183,1
DA:184,1
DA:185,1
DA:186,9
DA:187,2
DA:188,2
DA:189,2
DA:191,7
DA:192,6
DA:194,4
DA:195,4
DA:196,2
DA:199,1
DA:203,2
DA:204,2
DA:205,2
DA:206,2
DA:207,1
DA:208,2
DA:209,2
DA:210,2
DA:211,2
DA:223,2
DA:235,2
DA:246,2
DA:251,4
DA:252,4
DA:253,4
DA:255,4
DA:256,28
DA:257,28
DA:258,4
DA:259,3
DA:260,3
DA:261,3
DA:262,3
DA:263,3
DA:265,0
DA:270,4
DA:271,4
DA:272,4
DA:273,4
DA:274,4
DA:275,4
DA:278,4
DA:284,2
DA:285,8
DA:286,8
DA:287,1
DA:288,2
DA:290,1
DA:291,1
DA:294,3
DA:295,1
DA:297,3
DA:299,1
DA:300,1
DA:301,1
DA:302,1
DA:303,0
DA:304,0
DA:306,2
DA:310,2
DA:311,4
DA:312,3
DA:313,3
DA:314,2
DA:315,2
DA:316,4
DA:320,1
DA:325,2
DA:326,2
DA:327,2
DA:328,2
DA:329,2
DA:332,4
DA:333,4
DA:334,4
DA:346,4
DA:347,4
DA:348,4
DA:349,4
DA:350,1
DA:351,1
DA:353,3
DA:354,3
DA:356,0
DA:361,4
DA:362,4
DA:363,4
DA:364,4
DA:374,3
DA:375,3
DA:376,3
DA:377,3
DA:378,4
DA:383,3
DA:384,2
DA:385,2
DA:386,3
DA:387,3
DA:388,1
DA:389,1
DA:390,1
DA:395,2
DA:399,1
DA:400,1
DA:401,1
DA:402,1
DA:403,1
DA:405,1
DA:406,1
DA:409,1
DA:418,2
DA:419,4
DA:420,4
DA:426,4
DA:429,3
DA:430,3
DA:432,1
DA:433,1
DA:435,2
DA:437,1
DA:438,1
DA:439,1
DA:440,0
DA:445,1
DA:447,1
DA:448,1
DA:449,1
DA:463,1
DA:464,1
DA:465,1
LF:219
LH:214
BRDA:60,0,0,6
BRDA:60,0,1,7
BRDA:60,1,0,13
BRDA:60,1,1,9
BRDA:63,2,0,6
BRDA:63,2,1,1
BRDA:76,3,0,4
BRDA:76,3,1,8
BRDA:77,4,0,3
BRDA:77,4,1,5
BRDA:78,5,0,1
BRDA:78,5,1,2
BRDA:80,6,0,2
BRDA:80,6,1,0
BRDA:85,7,0,1
BRDA:85,7,1,4
BRDA:87,8,0,1
BRDA:87,8,1,3
BRDA:101,9,0,3
BRDA:101,9,1,0
BRDA:101,10,0,3
BRDA:101,10,1,3
BRDA:118,11,0,2
BRDA:118,11,1,12
BRDA:120,12,0,4
BRDA:120,12,1,8
BRDA:124,13,0,4
BRDA:124,13,1,4
BRDA:126,14,0,2
BRDA:126,14,1,2
BRDA:128,15,0,1
BRDA:128,15,1,1
BRDA:130,16,0,3
BRDA:130,16,1,1
BRDA:132,17,0,3
BRDA:132,17,1,0
BRDA:146,18,0,1
BRDA:146,18,1,0
BRDA:161,19,0,1
BRDA:161,19,1,3
BRDA:161,20,0,4
BRDA:161,20,1,4
BRDA:161,20,2,4
BRDA:164,21,0,2
BRDA:164,21,1,1
BRDA:166,22,0,1
BRDA:166,22,1,1
BRDA:169,23,0,0
BRDA:169,23,1,2
BRDA:186,24,0,2
BRDA:186,24,1,7
BRDA:191,25,0,1
BRDA:191,25,1,6
BRDA:191,26,0,7
BRDA:191,26,1,6
BRDA:192,27,0,2
BRDA:192,27,1,4
BRDA:195,28,0,2
BRDA:195,28,1,2
BRDA:208,29,0,0
BRDA:208,29,1,2
BRDA:210,30,0,2
BRDA:210,30,1,0
BRDA:210,31,0,2
BRDA:210,31,1,2
BRDA:257,32,0,24
BRDA:257,32,1,4
BRDA:258,33,0,1
BRDA:258,33,1,3
BRDA:258,34,0,4
BRDA:258,34,1,1
BRDA:273,35,0,0
BRDA:273,35,1,4
BRDA:285,36,0,8
BRDA:285,36,1,3
BRDA:286,37,0,1
BRDA:286,37,1,2
BRDA:286,37,2,1
BRDA:286,37,3,1
BRDA:286,37,4,1
BRDA:294,38,0,1
BRDA:294,38,1,2
BRDA:295,39,0,1
BRDA:295,39,1,1
BRDA:297,40,0,1
BRDA:297,40,1,2
BRDA:302,41,0,1
BRDA:302,41,1,0
BRDA:302,42,0,1
BRDA:302,42,1,1
BRDA:303,43,0,0
BRDA:303,43,1,0
BRDA:303,44,0,0
BRDA:303,44,1,0
BRDA:311,45,0,1
BRDA:311,45,1,3
BRDA:313,46,0,1
BRDA:313,46,1,2
BRDA:313,47,0,3
BRDA:313,47,1,2
BRDA:314,48,0,2
BRDA:314,48,1,0
BRDA:315,49,0,2
BRDA:315,49,1,0
BRDA:316,50,0,2
BRDA:316,50,1,2
BRDA:333,51,0,1
BRDA:333,51,1,3
BRDA:341,52,0,3
BRDA:341,52,1,1
BRDA:349,53,0,1
BRDA:349,53,1,3
BRDA:349,54,0,4
BRDA:349,54,1,4
BRDA:349,54,2,4
BRDA:363,55,0,3
BRDA:363,55,1,1
BRDA:384,56,0,2
BRDA:384,56,1,0
BRDA:387,57,0,2
BRDA:387,57,1,1
BRDA:389,58,0,1
BRDA:389,58,1,0
BRDA:406,59,0,1
BRDA:406,59,1,0
BRDA:426,60,0,1
BRDA:426,60,1,3
BRDA:432,61,0,1
BRDA:432,61,1,0
BRDA:435,62,0,1
BRDA:435,62,1,1
BRDA:439,63,0,0
BRDA:439,63,1,1
BRDA:451,64,0,1
BRDA:451,64,1,0
BRDA:452,65,0,1
BRDA:452,65,1,0
BRDA:452,65,2,0
BRDA:453,66,0,1
BRDA:453,66,1,0
BRDA:458,67,0,1
BRDA:458,67,1,0
BRF:142
BRH:117
end_of_record
TN:
SF:src/persistenceManager.ts
FN:11,(anonymous_9)
FN:16,(anonymous_10)
FN:21,(anonymous_11)
FN:28,(anonymous_12)
FN:38,(anonymous_13)
FN:53,(anonymous_14)
FN:58,(anonymous_15)
FN:60,(anonymous_16)
FN:68,(anonymous_17)
FN:74,(anonymous_18)
FNF:10
FNH:9
FNDA:8,(anonymous_9)
FNDA:8,(anonymous_10)
FNDA:15,(anonymous_11)
FNDA:3,(anonymous_12)
FNDA:3,(anonymous_13)
FNDA:9,(anonymous_14)
FNDA:1,(anonymous_15)
FNDA:0,(anonymous_16)
FNDA:18,(anonymous_17)
FNDA:7,(anonymous_18)
DA:2,1
DA:3,1
DA:5,1
DA:8,8
DA:9,8
DA:12,8
DA:13,8
DA:17,8
DA:18,8
DA:22,15
DA:23,0
DA:25,15
DA:29,3
DA:30,3
DA:31,3
DA:32,3
DA:34,0
DA:39,3
DA:40,3
DA:41,3
DA:42,3
DA:44,0
DA:54,9
DA:55,9
DA:56,2
DA:58,9
DA:59,9
DA:60,9
DA:61,0
DA:62,0
DA:63,0
DA:65,9
DA:69,18
DA:70,0
DA:77,7
DA:78,7
DA:80,7
DA:81,7
DA:82,7
DA:83,7
DA:84,7
DA:90,0
DA:93,7
LF:43
LH:35
BRDA:22,0,0,0
BRDA:22,0,1,15
BRDA:53,1,0,0
BRDA:55,2,0,2
BRDA:55,2,1,7
BRDA:58,3,0,8
BRDA:58,3,1,1
BRDA:69,4,0,0
BRDA:69,4,1,18
BRF:9
BRH:6
end_of_record
TN:
SF:src/resultsStore.ts
FN:25,(anonymous_9)
FN:42,(anonymous_10)
FN:49,(anonymous_11)
FN:51,(anonymous_12)
FN:57,(anonymous_13)
FN:61,(anonymous_14)
FN:65,(anonymous_15)
FN:70,(anonymous_16)
FN:76,(anonymous_17)
FN:81,(anonymous_18)
FN:84,(anonymous_19)
FN:92,(anonymous_20)
FN:96,(anonymous_21)
FN:104,(anonymous_22)
FN:126,(anonymous_23)
FN:141,(anonymous_24)
FN:143,(anonymous_25)
FN:144,(anonymous_26)
FN:156,(anonymous_27)
FN:166,(anonymous_28)
FN:172,(anonymous_29)
FN:189,(anonymous_30)
FN:193,(anonymous_31)
FN:231,(anonymous_32)
FNF:24
FNH:6
FNDA:4,(anonymous_9)
FNDA:4,(anonymous_10)
FNDA:4,(anonymous_11)
FNDA:0,(anonymous_12)
FNDA:0,(anonymous_13)
FNDA:12,(anonymous_14)
FNDA:0,(anonymous_15)
FNDA:1,(anonymous_16)
FNDA:0,(anonymous_17)
FNDA:0,(anonymous_18)
FNDA:0,(anonymous_19)
FNDA:0,(anonymous_20)
FNDA:0,(anonymous_21)
FNDA:0,(anonymous_22)
FNDA:0,(anonymous_23)
FNDA:0,(anonymous_24)
FNDA:0,(anonymous_25)
FNDA:0,(anonymous_26)
FNDA:0,(anonymous_27)
FNDA:0,(anonymous_28)
FNDA:0,(anonymous_29)
FNDA:0,(anonymous_30)
FNDA:0,(anonymous_31)
FNDA:4,(anonymous_32)
DA:1,1
DA:2,1
DA:3,1
DA:25,1
DA:26,4
DA:27,4
DA:28,4
DA:30,4
DA:35,4
DA:37,4
DA:38,4
DA:40,4
DA:43,4
DA:44,4
DA:45,4
DA:46,4
DA:50,4
DA:51,4
DA:52,0
DA:53,0
DA:58,0
DA:62,12
DA:66,0
DA:67,0
DA:71,1
DA:72,1
DA:73,1
DA:77,0
DA:78,0
DA:83,0
DA:84,0
DA:85,0
DA:86,0
DA:87,0
DA:89,0
DA:93,0
DA:97,0
DA:98,0
DA:99,0
DA:101,0
DA:105,0
DA:106,0
DA:107,0
DA:109,0
DA:110,0
DA:111,0
DA:117,0
DA:118,0
DA:119,0
DA:121,0
DA:122,0
DA:126,0
DA:128,0
DA:142,0
DA:143,0
DA:144,0
DA:156,0
DA:163,0
DA:167,0
DA:168,0
DA:170,0
DA:171,0
DA:172,0
DA:173,0
DA:186,0
DA:190,0
DA:194,0
DA:195,0
DA:197,0
DA:198,0
DA:199,0
DA:200,0
DA:201,0
DA:203,0
DA:205,0
DA:206,0
DA:207,0
DA:208,0
DA:209,0
DA:210,0
DA:211,0
DA:213,0
DA:216,0
DA:217,0
DA:218,0
DA:219,0
DA:220,0
DA:221,0
DA:222,0
DA:223,0
DA:225,0
DA:228,0
DA:232,4
DA:233,4
DA:234,4
DA:235,4
LF:96
LH:26
BRDA:50,0,0,1
BRDA:50,0,1,3
BRDA:85,1,0,0
BRDA:85,1,1,0
BRDA:110,2,0,0
BRDA:110,2,1,0
BRDA:118,3,0,0
BRDA:118,3,1,0
BRDA:119,4,0,0
BRDA:119,4,1,0
BRDA:121,5,0,0
BRDA:121,5,1,0
BRDA:122,6,0,0
BRDA:122,6,1,0
BRDA:200,7,0,0
BRDA:200,7,1,0
BRDA:206,8,0,0
BRDA:206,8,1,0
BRDA:216,9,0,0
BRDA:216,9,1,0
BRDA:221,10,0,0
BRDA:221,10,1,0
BRDA:232,11,0,3
BRDA:232,11,1,1
BRF:24
BRH:4
end_of_record
TN:
SF:src/sarif.ts
FN:18,resolveToolVersion
FN:27,buildSARIF
FN:70,(anonymous_11)
FNF:3
FNH:3
FNDA:1,resolveToolVersion
FNDA:2,buildSARIF
FNDA:3,(anonymous_11)
DA:8,4
DA:9,4
DA:10,4
DA:18,4
DA:19,1
DA:20,1
DA:21,1
DA:23,0
DA:27,4
DA:28,2
DA:29,2
DA:31,2
DA:32,2
DA:33,4
DA:34,4
DA:35,3
DA:42,3
DA:46,4
DA:47,2
DA:48,1
DA:49,1
DA:52,4
DA:70,3
DA:77,2
LF:24
LH:23
BRDA:21,0,0,1
BRDA:21,0,1,0
BRDA:34,1,0,3
BRDA:34,1,1,1
BRDA:38,2,0,3
BRDA:38,2,1,0
BRDA:46,3,0,2
BRDA:46,3,1,1
BRDA:46,3,2,1
BRF:9
BRH:7
end_of_record
TN:
SF:src/scanContext.ts
FN:52,buildLineStates
FN:166,isInsideComment
FN:213,isInsideStringContent
FN:243,cleanLineState
FN:259,isRegexLiteralStart
FN:283,findRegexClose
FN:296,consumeRegexFlags
FN:308,isInsideJSXText
FNF:8
FNH:8
FNDA:50,buildLineStates
FNDA:22,isInsideComment
FNDA:22,isInsideStringContent
FNDA:2,cleanLineState
FNDA:26,isRegexLiteralStart
FNDA:13,findRegexClose
FNDA:1,consumeRegexFlags
FNDA:18,isInsideJSXText
DA:32,8
DA:52,8
DA:53,50
DA:54,50
DA:55,50
DA:57,50
DA:61,50
DA:64,50
DA:66,50
DA:67,1300
DA:69,1300
DA:70,28635
DA:71,28635
DA:73,28635
DA:75,24787
DA:76,24717
DA:83,24715
DA:84,13
DA:85,13
DA:88,24714
DA:89,24610
DA:90,24391
DA:93,24389
DA:94,14
DA:95,14
DA:96,1
DA:98,1
DA:100,0
DA:104,24389
DA:107,952
DA:108,952
DA:109,849
DA:112,2611
DA:113,2611
DA:114,2394
DA:117,49
DA:118,49
DA:119,47
DA:120,1
DA:121,1
DA:122,1
DA:123,1
DA:124,1
DA:126,46
DA:129,236
DA:130,234
DA:138,1300
DA:141,3
DA:145,1300
DA:146,1250
DA:155,50
DA:166,8
DA:170,22
DA:171,3
DA:172,3
DA:173,2
DA:178,20
DA:179,20
DA:180,1
DA:181,1
DA:182,1
DA:183,1
DA:184,1
DA:188,19
DA:190,19
DA:191,0
DA:192,0
DA:193,0
DA:194,0
DA:196,19
DA:213,8
DA:214,22
DA:215,22
DA:216,22
DA:217,22
DA:222,22
DA:224,22
DA:225,148
DA:226,148
DA:227,148
DA:228,148
DA:229,148
DA:230,147
DA:231,146
DA:232,146
DA:234,22
DA:235,21
DA:236,20
DA:243,8
DA:244,2
DA:260,26
DA:261,26
DA:262,26
DA:263,26
DA:264,26
DA:266,13
DA:267,11
DA:268,33
DA:269,11
DA:270,11
DA:271,0
DA:274,13
DA:284,13
DA:285,13
DA:286,34
DA:287,34
DA:288,33
DA:289,33
DA:290,33
DA:292,12
DA:297,1
DA:298,1
DA:299,1
DA:308,8
DA:309,18
DA:311,18
DA:312,18
DA:314,0
DA:315,0
DA:317,0
DA:318,0
DA:320,0
LF:122
LH:111
BRDA:73,0,0,24787
BRDA:73,0,1,952
BRDA:73,0,2,2611
BRDA:73,0,3,49
BRDA:73,0,4,236
BRDA:75,1,0,70
BRDA:75,1,1,24717
BRDA:75,2,0,24787
BRDA:75,2,1,98
BRDA:76,3,0,2
BRDA:76,3,1,24715
BRDA:76,4,0,24717
BRDA:76,4,1,28
BRDA:83,5,0,13
BRDA:83,5,1,24702
BRDA:83,6,0,24715
BRDA:83,6,1,26
BRDA:85,7,0,1
BRDA:85,7,1,12
BRDA:88,8,0,104
BRDA:88,8,1,24610
BRDA:89,9,0,219
BRDA:89,9,1,24391
BRDA:90,10,0,2
BRDA:90,10,1,24389
BRDA:93,11,0,14
BRDA:93,11,1,24375
BRDA:94,12,0,0
BRDA:94,12,1,14
BRDA:95,13,0,1
BRDA:95,13,1,13
BRDA:96,14,0,1
BRDA:96,14,1,0
BRDA:107,15,0,0
BRDA:107,15,1,952
BRDA:108,16,0,103
BRDA:108,16,1,849
BRDA:112,17,0,0
BRDA:112,17,1,2611
BRDA:113,18,0,217
BRDA:113,18,1,2394
BRDA:117,19,0,0
BRDA:117,19,1,49
BRDA:118,20,0,2
BRDA:118,20,1,47
BRDA:119,21,0,1
BRDA:119,21,1,46
BRDA:119,22,0,47
BRDA:119,22,1,1
BRDA:129,23,0,2
BRDA:129,23,1,234
BRDA:129,24,0,236
BRDA:129,24,1,9
BRDA:138,25,0,3
BRDA:138,25,1,1297
BRDA:138,26,0,1300
BRDA:138,26,1,1299
BRDA:141,27,0,3
BRDA:141,27,1,0
BRDA:145,28,0,1250
BRDA:145,28,1,50
BRDA:147,29,0,1250
BRDA:147,29,1,1250
BRDA:166,30,0,0
BRDA:170,31,0,3
BRDA:170,31,1,19
BRDA:172,32,0,1
BRDA:172,32,1,2
BRDA:173,33,0,1
BRDA:173,33,1,1
BRDA:179,34,0,1
BRDA:179,34,1,19
BRDA:179,35,0,20
BRDA:179,35,1,1
BRDA:181,36,0,1
BRDA:181,36,1,1
BRDA:182,37,0,1
BRDA:182,37,1,1
BRDA:183,38,0,1
BRDA:183,38,1,1
BRDA:184,39,0,1
BRDA:184,39,1,0
BRDA:184,40,0,1
BRDA:184,40,1,1
BRDA:184,40,2,1
BRDA:193,41,0,0
BRDA:193,41,1,0
BRDA:194,42,0,0
BRDA:194,42,1,0
BRDA:194,43,0,0
BRDA:194,43,1,0
BRDA:213,44,0,0
BRDA:222,45,0,0
BRDA:222,45,1,22
BRDA:226,46,0,129
BRDA:226,46,1,19
BRDA:227,47,0,0
BRDA:227,47,1,148
BRDA:228,48,0,0
BRDA:228,48,1,148
BRDA:228,49,0,148
BRDA:228,49,1,146
BRDA:228,49,2,135
BRDA:229,50,0,1
BRDA:229,50,1,147
BRDA:229,51,0,148
BRDA:229,51,1,148
BRDA:229,51,2,137
BRDA:230,52,0,1
BRDA:230,52,1,146
BRDA:230,53,0,147
BRDA:230,53,1,147
BRDA:230,53,2,145
BRDA:231,54,0,0
BRDA:231,54,1,146
BRDA:231,55,0,146
BRDA:231,55,1,10
BRDA:231,55,2,0
BRDA:231,55,3,0
BRDA:232,56,0,0
BRDA:232,56,1,146
BRDA:232,57,0,146
BRDA:232,57,1,10
BRDA:232,57,2,0
BRDA:234,58,0,1
BRDA:234,58,1,21
BRDA:234,59,0,22
BRDA:234,59,1,22
BRDA:235,60,0,1
BRDA:235,60,1,20
BRDA:235,61,0,21
BRDA:235,61,1,1
BRDA:261,62,0,40
BRDA:261,62,1,40
BRDA:261,62,2,26
BRDA:262,63,0,0
BRDA:262,63,1,26
BRDA:264,64,0,13
BRDA:264,64,1,13
BRDA:266,65,0,11
BRDA:266,65,1,2
BRDA:268,66,0,44
BRDA:268,66,1,44
BRDA:270,67,0,0
BRDA:270,67,1,11
BRDA:287,68,0,1
BRDA:287,68,1,33
BRDA:288,69,0,0
BRDA:288,69,1,33
BRDA:289,70,0,0
BRDA:289,70,1,33
BRDA:290,71,0,1
BRDA:290,71,1,32
BRDA:290,72,0,33
BRDA:290,72,1,1
BRDA:298,73,0,2
BRDA:298,73,1,2
BRDA:312,74,0,18
BRDA:312,74,1,0
BRDA:315,75,0,0
BRDA:315,75,1,0
BRDA:318,76,0,0
BRDA:318,76,1,0
BRF:163
BRH:131
end_of_record
TN:
SF:src/scanRunner.ts
FN:83,globToRegExp
FN:110,buildIncludeMatcher
FN:111,(anonymous_11)
FN:113,(anonymous_12)
FN:116,(anonymous_13)
FN:121,(anonymous_14)
FN:121,(anonymous_15)
FN:124,walkFiles
FN:159,resolveLanguage
FN:218,defaultConfidence
FN:222,prepareStrings
FN:226,(anonymous_20)
FN:227,(anonymous_21)
FN:246,selectActiveRules
FN:251,(anonymous_23)
FN:252,(anonymous_24)
FN:257,(anonymous_25)
FN:263,scanFile
FN:282,(anonymous_27)
FN:432,pickBestInformationalCandidate
FN:454,runWorkspaceScan
FN:479,(anonymous_30)
FNF:22
FNH:22
FNDA:4,globToRegExp
FNDA:5,buildIncludeMatcher
FNDA:5,(anonymous_11)
FNDA:2,(anonymous_12)
FNDA:10,(anonymous_13)
FNDA:12,(anonymous_14)
FNDA:12,(anonymous_15)
FNDA:9,walkFiles
FNDA:34,resolveLanguage
FNDA:203,defaultConfidence
FNDA:10803,prepareStrings
FNDA:2491,(anonymous_20)
FNDA:549,(anonymous_21)
FNDA:46,selectActiveRules
FNDA:3048,(anonymous_23)
FNDA:238,(anonymous_24)
FNDA:344,(anonymous_25)
FNDA:46,scanFile
FNDA:291,(anonymous_27)
FNDA:63,pickBestInformationalCandidate
FNDA:6,runWorkspaceScan
FNDA:18,(anonymous_30)
DA:8,7
DA:9,7
DA:10,7
DA:11,7
DA:18,7
DA:19,7
DA:20,7
DA:21,7
DA:23,7
DA:32,7
DA:36,7
DA:46,7
DA:50,7
DA:84,4
DA:85,4
DA:86,4
DA:87,32
DA:88,32
DA:89,6
DA:90,2
DA:91,2
DA:92,2
DA:94,4
DA:96,26
DA:97,0
DA:99,26
DA:102,4
DA:110,7
DA:111,5
DA:112,5
DA:113,2
DA:115,4
DA:116,4
DA:117,10
DA:118,10
DA:121,12
DA:124,7
DA:125,9
DA:126,9
DA:127,9
DA:129,9
DA:130,9
DA:131,13
DA:133,13
DA:134,13
DA:136,0
DA:139,13
DA:140,44
DA:141,44
DA:142,11
DA:143,4
DA:144,4
DA:146,33
DA:148,33
DA:149,33
DA:150,33
DA:151,33
DA:152,33
DA:153,28
DA:156,9
DA:159,7
DA:160,34
DA:161,34
DA:162,28
DA:163,28
DA:211,7
DA:219,203
DA:223,10803
DA:224,10803
DA:225,1246
DA:226,2491
DA:227,549
DA:229,1246
DA:231,10803
DA:247,46
DA:248,46
DA:249,13386
DA:250,12880
DA:251,3048
DA:252,322
DA:254,10781
DA:257,344
DA:260,46
DA:263,7
DA:270,46
DA:271,46
DA:273,46
DA:274,46
DA:275,46
DA:276,46
DA:277,46
DA:278,46
DA:280,46
DA:281,46
DA:282,291
DA:285,46
DA:286,1281
DA:287,1281
DA:288,1281
DA:289,1280
DA:291,1280
DA:292,301085
DA:293,1468
DA:294,1468
DA:297,301085
DA:298,602386
DA:299,602386
DA:300,602386
DA:301,602386
DA:302,0
DA:303,0
DA:304,0
DA:305,0
DA:306,0
DA:308,602386
DA:309,602386
DA:310,602386
DA:313,0
DA:315,602386
DA:317,372
DA:318,19
DA:319,19
DA:321,1
DA:324,371
DA:325,45
DA:326,45
DA:327,152
DA:328,152
DA:329,0
DA:330,152
DA:331,152
DA:334,45
DA:337,370
DA:338,112
DA:339,112
DA:340,112
DA:341,112
DA:342,112
DA:343,2650
DA:344,5239
DA:347,112
DA:350,360
DA:351,1
DA:358,359
DA:362,359
DA:374,359
DA:375,116
DA:376,62
DA:378,116
DA:379,116
DA:381,243
DA:383,359
DA:388,1280
DA:389,2
DA:390,2
DA:391,22
DA:392,22
DA:393,22
DA:394,50
DA:395,50
DA:396,50
DA:397,0
DA:398,50
DA:399,50
DA:401,50
DA:402,0
DA:403,0
DA:410,0
DA:417,46
DA:418,33
DA:419,33
DA:420,36
DA:424,46
DA:425,62
DA:426,62
DA:429,46
DA:432,7
DA:433,63
DA:434,18
DA:435,18
DA:436,18
DA:437,18
DA:438,18
DA:439,73
DA:440,73
DA:441,73
DA:442,73
DA:443,73
DA:444,73
DA:446,18
DA:454,7
DA:455,6
DA:456,6
DA:457,6
DA:458,6
DA:459,6
DA:461,6
DA:463,20
DA:464,20
DA:467,18
DA:469,18
DA:471,18
DA:472,18
DA:473,18
DA:474,18
DA:475,18
DA:479,18
DA:480,6
LF:208
LH:195
BRDA:88,0,0,6
BRDA:88,0,1,26
BRDA:89,1,0,2
BRDA:89,1,1,4
BRDA:92,2,0,2
BRDA:92,2,1,0
BRDA:96,3,0,0
BRDA:96,3,1,26
BRDA:112,4,0,1
BRDA:112,4,1,4
BRDA:118,5,0,8
BRDA:118,5,1,2
BRDA:124,6,0,1
BRDA:124,7,0,2
BRDA:127,8,0,1
BRDA:127,8,1,8
BRDA:141,9,0,11
BRDA:141,9,1,33
BRDA:142,10,0,7
BRDA:142,10,1,4
BRDA:146,11,0,0
BRDA:146,11,1,33
BRDA:151,12,0,33
BRDA:151,12,1,5
BRDA:152,13,0,5
BRDA:152,13,1,28
BRDA:152,14,0,33
BRDA:152,14,1,13
BRDA:152,14,2,6
BRDA:161,15,0,6
BRDA:161,15,1,28
BRDA:163,16,0,28
BRDA:163,16,1,1
BRDA:219,17,0,114
BRDA:219,17,1,89
BRDA:224,18,0,1246
BRDA:224,18,1,9557
BRDA:226,19,0,0
BRDA:226,19,1,2491
BRDA:227,20,0,1246
BRDA:227,20,1,1130
BRDA:227,21,0,0
BRDA:227,21,1,549
BRDA:249,22,0,506
BRDA:249,22,1,12880
BRDA:250,23,0,2392
BRDA:250,23,1,10488
BRDA:251,24,0,2070
BRDA:251,24,1,322
BRDA:251,25,0,2392
BRDA:251,25,1,2300
BRDA:252,26,0,29
BRDA:252,26,1,293
BRDA:252,27,0,322
BRDA:252,27,1,102
BRDA:267,28,0,17
BRDA:270,29,0,18
BRDA:270,29,1,28
BRDA:271,30,0,46
BRDA:271,30,1,44
BRDA:281,31,0,1
BRDA:281,31,1,45
BRDA:286,32,0,0
BRDA:286,32,1,1281
BRDA:286,33,0,1281
BRDA:286,33,1,82
BRDA:286,33,2,36
BRDA:288,34,0,1
BRDA:288,34,1,1280
BRDA:292,35,0,1468
BRDA:292,35,1,299617
BRDA:292,36,0,301085
BRDA:292,36,1,76569
BRDA:294,37,0,0
BRDA:294,37,1,1468
BRDA:294,38,0,1468
BRDA:294,38,1,1468
BRDA:301,39,0,0
BRDA:301,39,1,602386
BRDA:303,40,0,0
BRDA:303,40,1,0
BRDA:308,41,0,602386
BRDA:308,41,1,0
BRDA:310,42,0,372
BRDA:310,42,1,602014
BRDA:315,43,0,602014
BRDA:315,43,1,372
BRDA:317,44,0,19
BRDA:317,44,1,353
BRDA:319,45,0,1
BRDA:319,45,1,18
BRDA:319,46,0,19
BRDA:319,46,1,18
BRDA:319,46,2,18
BRDA:324,47,0,45
BRDA:324,47,1,326
BRDA:328,48,0,0
BRDA:328,48,1,152
BRDA:329,49,0,0
BRDA:329,49,1,0
BRDA:330,50,0,152
BRDA:330,50,1,0
BRDA:331,51,0,1
BRDA:331,51,1,151
BRDA:334,52,0,1
BRDA:334,52,1,44
BRDA:337,53,0,112
BRDA:337,53,1,258
BRDA:339,54,0,112
BRDA:339,54,1,56
BRDA:342,55,0,2762
BRDA:342,55,1,2660
BRDA:344,56,0,10
BRDA:344,56,1,5229
BRDA:347,57,0,10
BRDA:347,57,1,102
BRDA:350,58,0,1
BRDA:350,58,1,359
BRDA:350,59,0,360
BRDA:350,59,1,1
BRDA:358,60,0,359
BRDA:358,60,1,342
BRDA:358,60,2,203
BRDA:366,61,0,0
BRDA:366,61,1,359
BRDA:374,62,0,116
BRDA:374,62,1,243
BRDA:375,63,0,62
BRDA:375,63,1,54
BRDA:388,64,0,2
BRDA:388,64,1,1278
BRDA:388,65,0,1280
BRDA:388,65,1,2
BRDA:391,66,0,0
BRDA:391,66,1,22
BRDA:396,67,0,0
BRDA:396,67,1,50
BRDA:397,68,0,0
BRDA:397,68,1,0
BRDA:398,69,0,50
BRDA:398,69,1,0
BRDA:399,70,0,0
BRDA:399,70,1,50
BRDA:401,71,0,0
BRDA:401,71,1,50
BRDA:417,72,0,33
BRDA:417,72,1,13
BRDA:425,73,0,0
BRDA:425,73,1,62
BRDA:433,74,0,45
BRDA:433,74,1,18
BRDA:439,75,0,73
BRDA:439,75,1,0
BRDA:441,76,0,60
BRDA:441,76,1,13
BRDA:442,77,0,1
BRDA:442,77,1,72
BRDA:443,78,0,13
BRDA:443,78,1,60
BRDA:443,79,0,73
BRDA:443,79,1,48
BRDA:444,80,0,26
BRDA:444,80,1,47
BRDA:456,81,0,6
BRDA:456,81,1,6
BRDA:457,82,0,6
BRDA:457,82,1,2
BRDA:457,83,0,6
BRDA:457,83,1,2
BRDA:464,84,0,2
BRDA:464,84,1,18
BRDA:464,85,0,20
BRDA:464,85,1,20
BRDA:469,86,0,0
BRDA:469,86,1,18
BRDA:472,87,0,18
BRDA:472,87,1,0
BRDA:474,88,0,18
BRDA:474,88,1,0
BRF:179
BRH:151
end_of_record
TN:
SF:src/securityScore.ts
FN:11,(anonymous_9)
FN:24,(anonymous_10)
FN:29,(anonymous_11)
FN:35,(anonymous_12)
FN:39,(anonymous_13)
FN:93,(anonymous_14)
FN:114,(anonymous_15)
FN:152,(anonymous_16)
FN:194,(anonymous_17)
FN:196,(anonymous_18)
FNF:10
FNH:7
FNDA:4,(anonymous_9)
FNDA:1,(anonymous_10)
FNDA:0,(anonymous_11)
FNDA:5,(anonymous_12)
FNDA:6,(anonymous_13)
FNDA:6,(anonymous_14)
FNDA:6,(anonymous_15)
FNDA:0,(anonymous_16)
FNDA:4,(anonymous_17)
FNDA:0,(anonymous_18)
DA:1,1
DA:3,1
DA:4,1
DA:6,1
DA:8,4
DA:9,4
DA:12,4
DA:13,4
DA:15,4
DA:19,4
DA:20,4
DA:21,4
DA:22,4
DA:24,4
DA:25,1
DA:28,4
DA:29,0
DA:30,0
DA:36,5
DA:40,6
DA:41,6
DA:43,6
DA:44,2
DA:45,2
DA:46,2
DA:50,4
DA:51,4
DA:53,4
DA:54,4
DA:56,103
DA:59,103
DA:61,103
DA:62,0
DA:65,103
DA:68,103
DA:70,102
DA:71,102
DA:73,1
DA:74,1
DA:76,0
DA:77,0
DA:86,4
DA:88,4
DA:89,4
DA:90,4
DA:94,6
DA:98,6
DA:99,3
DA:100,3
DA:101,3
DA:102,2
DA:103,2
DA:105,1
DA:106,1
DA:109,6
DA:110,6
DA:111,6
DA:115,6
DA:116,6
DA:117,6
DA:119,6
DA:120,4
DA:121,103
DA:124,103
DA:126,103
DA:127,0
DA:128,0
DA:131,103
DA:132,102
DA:133,1
DA:134,0
DA:139,6
DA:140,6
DA:145,6
DA:146,0
DA:148,6
DA:149,6
DA:153,0
DA:154,0
DA:155,0
DA:157,0
DA:158,0
DA:159,0
DA:162,0
DA:163,0
DA:164,0
DA:166,0
DA:167,0
DA:168,0
DA:169,0
DA:175,0
DA:176,0
DA:177,0
DA:178,0
DA:179,0
DA:181,0
DA:187,0
DA:188,0
DA:189,0
DA:190,0
DA:195,4
DA:196,4
DA:197,4
LF:103
LH:71
BRDA:28,0,0,0
BRDA:28,0,1,4
BRDA:43,1,0,2
BRDA:43,1,1,4
BRDA:56,2,0,0
BRDA:56,2,1,103
BRDA:61,3,0,0
BRDA:61,3,1,103
BRDA:61,4,0,103
BRDA:61,4,1,103
BRDA:61,4,2,103
BRDA:68,5,0,102
BRDA:68,5,1,1
BRDA:68,5,2,0
BRDA:86,6,0,4
BRDA:86,6,1,0
BRDA:98,7,0,3
BRDA:98,7,1,3
BRDA:101,8,0,2
BRDA:101,8,1,1
BRDA:121,9,0,0
BRDA:121,9,1,103
BRDA:126,10,0,0
BRDA:126,10,1,103
BRDA:126,11,0,103
BRDA:126,11,1,103
BRDA:126,11,2,103
BRDA:131,12,0,102
BRDA:131,12,1,1
BRDA:131,12,2,0
BRDA:145,13,0,0
BRDA:145,13,1,6
BRDA:159,14,0,0
BRDA:159,14,1,0
BRDA:163,15,0,0
BRDA:163,15,1,0
BRDA:163,16,0,0
BRDA:163,16,1,0
BRDA:163,16,2,0
BRDA:166,17,0,0
BRDA:166,17,1,0
BRDA:166,17,2,0
BRDA:175,18,0,0
BRDA:175,18,1,0
BRDA:176,19,0,0
BRDA:176,19,1,0
BRDA:177,20,0,0
BRDA:177,20,1,0
BRDA:178,21,0,0
BRDA:178,21,1,0
BRDA:187,22,0,0
BRDA:187,22,1,0
BRDA:189,23,0,0
BRDA:189,23,1,0
BRF:54
BRH:23
end_of_record
TN:
SF:src/taint.ts
FN:160,isSanitiserCall
FN:161,(anonymous_1)
FN:176,findFunctionRanges
FN:190,bracketMatch
FN:228,runTaintAnalysis
FN:255,walkFunction
FN:321,detectTaintingAssignment
FN:347,matchSource
FN:361,findTaintingInArgs
FN:389,extractCallArgs
FN:407,containsIdentifier
FNF:11
FNH:11
FNDA:294,isSanitiserCall
FNDA:2933,(anonymous_1)
FNDA:44,findFunctionRanges
FNDA:61,bracketMatch
FNDA:44,runTaintAnalysis
FNDA:56,walkFunction
FNDA:250,detectTaintingAssignment
FNDA:51,matchSource
FNDA:69,findTaintingInArgs
FNDA:69,extractCallArgs
FNDA:56,containsIdentifier
DA:33,8
DA:50,8
DA:84,8
DA:147,8
DA:161,2933
DA:174,8
DA:177,44
DA:178,44
DA:181,6292
DA:182,6292
DA:184,61
DA:185,61
DA:187,44
DA:191,61
DA:192,61
DA:193,61
DA:194,465
DA:195,465
DA:196,10453
DA:197,10367
DA:198,85
DA:199,85
DA:200,60
DA:205,1
DA:218,8
DA:219,8
DA:220,8
DA:221,8
DA:228,8
DA:231,44
DA:232,44
DA:233,44
DA:234,44
DA:235,44
DA:237,15
DA:243,15
DA:244,15
DA:245,60
DA:246,60
DA:247,56
DA:248,56
DA:249,56
DA:252,15
DA:256,56
DA:258,56
DA:259,253
DA:260,253
DA:264,250
DA:265,1
DA:270,1
DA:275,250
DA:276,250
DA:278,44
DA:279,0
DA:280,0
DA:282,44
DA:287,44
DA:291,206
DA:292,1500
DA:295,69
DA:296,69
DA:298,42
DA:311,42
DA:323,250
DA:324,250
DA:325,51
DA:326,51
DA:327,51
DA:330,51
DA:331,44
DA:335,206
DA:336,206
DA:337,0
DA:338,0
DA:339,0
DA:340,0
DA:341,0
DA:344,206
DA:348,51
DA:349,93
DA:351,7
DA:366,69
DA:367,69
DA:370,69
DA:371,69
DA:374,69
DA:375,435
DA:376,8
DA:381,61
DA:382,55
DA:383,34
DA:386,27
DA:390,69
DA:391,69
DA:392,775
DA:393,763
DA:395,0
DA:403,8
DA:404,8
DA:409,56
DA:410,36
DA:411,36
DA:412,15
DA:413,0
DA:415,15
DA:416,15
DA:418,36
LF:107
LH:98
BRDA:181,0,0,0
BRDA:181,0,1,6292
BRDA:181,1,0,6292
BRDA:181,1,1,158
BRDA:182,2,0,6231
BRDA:182,2,1,61
BRDA:185,3,0,60
BRDA:185,3,1,1
BRDA:193,4,0,466
BRDA:193,4,1,466
BRDA:196,5,0,86
BRDA:196,5,1,10367
BRDA:197,6,0,85
BRDA:197,6,1,10282
BRDA:199,7,0,60
BRDA:199,7,1,25
BRDA:199,8,0,85
BRDA:199,8,1,85
BRDA:228,9,0,10
BRDA:235,10,0,29
BRDA:235,10,1,15
BRDA:245,11,0,0
BRDA:245,11,1,60
BRDA:246,12,0,4
BRDA:246,12,1,56
BRDA:247,13,0,0
BRDA:247,13,1,56
BRDA:260,14,0,3
BRDA:260,14,1,250
BRDA:264,15,0,1
BRDA:264,15,1,249
BRDA:270,16,0,1
BRDA:270,16,1,0
BRDA:276,17,0,44
BRDA:276,17,1,206
BRDA:278,18,0,0
BRDA:278,18,1,44
BRDA:280,19,0,0
BRDA:280,19,1,0
BRDA:292,20,0,1431
BRDA:292,20,1,69
BRDA:296,21,0,27
BRDA:296,21,1,42
BRDA:301,22,0,34
BRDA:301,22,1,8
BRDA:324,23,0,51
BRDA:324,23,1,199
BRDA:330,24,0,44
BRDA:330,24,1,7
BRDA:330,25,0,51
BRDA:330,25,1,44
BRDA:330,25,2,44
BRDA:336,26,0,0
BRDA:336,26,1,206
BRDA:340,27,0,0
BRDA:340,27,1,0
BRDA:340,28,0,0
BRDA:340,28,1,0
BRDA:340,28,2,0
BRDA:349,29,0,44
BRDA:349,29,1,49
BRDA:367,30,0,0
BRDA:367,30,1,69
BRDA:375,31,0,8
BRDA:375,31,1,427
BRDA:382,32,0,34
BRDA:382,32,1,21
BRDA:392,33,0,12
BRDA:392,33,1,763
BRDA:393,34,0,81
BRDA:393,34,1,682
BRDA:393,35,0,69
BRDA:393,35,1,12
BRDA:409,36,0,20
BRDA:409,36,1,36
BRDA:411,37,0,15
BRDA:411,37,1,21
BRDA:412,38,0,0
BRDA:412,38,1,15
BRF:79
BRH:64
end_of_record
TN:
SF:src/types.ts
FN:1,(anonymous_0)
FN:7,(anonymous_1)
FN:24,(anonymous_2)
FNF:3
FNH:3
FNDA:14,(anonymous_0)
FNDA:14,(anonymous_1)
FNDA:14,(anonymous_2)
DA:1,14
DA:2,14
DA:3,14
DA:4,14
DA:7,14
DA:8,14
DA:9,14
DA:10,14
DA:11,14
DA:12,14
DA:13,14
DA:14,14
DA:15,14
DA:16,14
DA:17,14
DA:18,14
DA:19,14
DA:20,14
DA:21,14
DA:24,14
DA:25,14
DA:26,14
DA:27,14
DA:82,14
DA:88,14
LF:25
LH:25
BRDA:1,0,0,14
BRDA:1,0,1,14
BRDA:7,1,0,14
BRDA:7,1,1,14
BRDA:24,2,0,14
BRDA:24,2,1,14
BRF:6
BRH:6
end_of_record
TN:
SF:src/webviewUtils.ts
FN:59,isAllowedWebviewCommand
FN:68,getNonce
FNF:2
FNH:1
FNDA:45,isAllowedWebviewCommand
FNDA:0,getNonce
DA:15,1
DA:59,1
DA:60,45
DA:68,1
DA:69,0
DA:70,0
DA:71,0
DA:72,0
DA:74,0
LF:9
LH:4
BRDA:60,0,0,45
BRDA:60,0,1,40
BRF:2
BRH:2
end_of_record
TN:
SF:src/cli/caspian.ts
FN:46,resolveVersion
FN:57,printHelp
FN:93,readOption
FN:99,runSnippet
FN:102,(anonymous_13)
FN:104,(anonymous_14)
FN:108,(anonymous_15)
FN:110,(anonymous_16)
FN:117,runMcpConfig
FN:119,(anonymous_18)
FN:121,(anonymous_19)
FN:128,runCaspian
FN:182,(anonymous_21)
FNF:13
FNH:12
FNDA:6,resolveVersion
FNDA:4,printHelp
FNDA:8,readOption
FNDA:3,runSnippet
FNDA:6,(anonymous_13)
FNDA:4,(anonymous_14)
FNDA:5,(anonymous_15)
FNDA:3,(anonymous_16)
FNDA:2,runMcpConfig
FNDA:8,(anonymous_18)
FNDA:5,(anonymous_19)
FNDA:13,runCaspian
FNDA:0,(anonymous_21)
DA:29,1
DA:30,1
DA:31,1
DA:32,1
DA:33,1
DA:34,1
DA:35,1
DA:47,6
DA:48,6
DA:51,6
DA:53,0
DA:58,4
DA:94,8
DA:95,8
DA:96,2
DA:100,3
DA:101,3
DA:102,6
DA:103,1
DA:104,4
DA:106,1
DA:108,5
DA:109,1
DA:110,3
DA:112,1
DA:114,1
DA:118,2
DA:119,8
DA:120,1
DA:121,5
DA:123,1
DA:125,1
DA:128,1
DA:134,13
DA:136,13
DA:137,13
DA:139,13
DA:144,3
DA:145,3
DA:146,0
DA:150,2
DA:151,2
DA:152,0
DA:154,1
DA:155,0
DA:158,1
DA:159,0
DA:161,0
DA:162,0
DA:164,0
DA:165,0
DA:167,3
DA:168,1
DA:169,0
DA:171,2
DA:172,1
DA:173,0
DA:175,1
DA:176,1
DA:177,1
DA:181,1
DA:182,0
DA:183,0
DA:184,0
LF:64
LH:50
BRDA:51,0,0,6
BRDA:51,0,1,0
BRDA:95,1,0,6
BRDA:95,1,1,2
BRDA:95,2,0,8
BRDA:95,2,1,6
BRDA:102,3,0,1
BRDA:102,3,1,2
BRDA:108,4,0,1
BRDA:108,4,1,1
BRDA:119,5,0,1
BRDA:119,5,1,1
BRDA:128,6,0,0
BRDA:134,7,0,1
BRDA:134,7,1,12
BRDA:139,8,0,1
BRDA:139,8,1,2
BRDA:139,8,2,2
BRDA:139,8,3,3
BRDA:139,8,4,0
BRDA:139,8,5,2
BRDA:139,8,6,2
BRDA:139,8,7,1
BRDA:139,8,8,1
BRDA:139,8,9,1
BRDA:139,8,10,0
BRDA:139,8,11,0
BRDA:139,8,12,3
BRDA:139,8,13,2
BRDA:139,8,14,1
BRDA:181,9,0,0
BRDA:181,9,1,1
BRF:32
BRH:26
end_of_record
TN:
SF:src/cli/checkUpdates.ts
FN:6,printHelp
FN:23,runCheckUpdatesCli
FN:30,(anonymous_11)
FN:46,(anonymous_12)
FN:48,(anonymous_13)
FN:58,(anonymous_14)
FNF:6
FNH:0
FNDA:0,printHelp
FNDA:0,runCheckUpdatesCli
FNDA:0,(anonymous_11)
FNDA:0,(anonymous_12)
FNDA:0,(anonymous_13)
FNDA:0,(anonymous_14)
DA:3,1
DA:4,1
DA:7,0
DA:23,1
DA:24,0
DA:25,0
DA:26,0
DA:29,0
DA:30,0
DA:31,0
DA:32,0
DA:34,0
DA:35,0
DA:36,0
DA:37,0
DA:39,0
DA:40,0
DA:41,0
DA:42,0
DA:45,0
DA:46,0
DA:48,0
DA:50,0
DA:52,0
DA:53,0
DA:57,1
DA:58,0
DA:59,0
DA:60,0
LF:29
LH:4
BRDA:23,0,0,0
BRDA:24,1,0,0
BRDA:24,1,1,0
BRDA:24,2,0,0
BRDA:24,2,1,0
BRDA:31,3,0,0
BRDA:31,3,1,0
BRDA:45,4,0,0
BRDA:45,4,1,0
BRDA:46,5,0,0
BRDA:46,5,1,0
BRDA:47,6,0,0
BRDA:47,6,1,0
BRDA:48,7,0,0
BRDA:48,7,1,0
BRDA:50,8,0,0
BRDA:50,8,1,0
BRDA:57,9,0,0
BRDA:57,9,1,1
BRF:19
BRH:1
end_of_record
TN:
SF:src/cli/gitHistoryScan.ts
FN:60,parseArgs
FN:71,(anonymous_10)
FN:115,printHelp
FN:131,collectRules
FN:138,(anonymous_13)
FN:149,(anonymous_14)
FN:175,scanLine
FN:273,runGitLog
FN:278,(anonymous_17)
FN:298,(anonymous_18)
FN:309,(anonymous_19)
FN:313,(anonymous_20)
FN:317,(anonymous_21)
FN:321,(anonymous_22)
FN:334,formatText
FN:371,formatJSON
FN:377,runGitHistoryCli
FN:408,(anonymous_26)
FNF:18
FNH:3
FNDA:1,parseArgs
FNDA:0,(anonymous_10)
FNDA:1,printHelp
FNDA:0,collectRules
FNDA:0,(anonymous_13)
FNDA:0,(anonymous_14)
FNDA:0,scanLine
FNDA:0,runGitLog
FNDA:0,(anonymous_17)
FNDA:0,(anonymous_18)
FNDA:0,(anonymous_19)
FNDA:0,(anonymous_20)
FNDA:0,(anonymous_21)
FNDA:0,(anonymous_22)
FNDA:0,formatText
FNDA:0,formatJSON
FNDA:1,runGitHistoryCli
FNDA:0,(anonymous_26)
DA:31,1
DA:32,1
DA:33,1
DA:34,1
DA:35,1
DA:36,1
DA:61,1
DA:68,1
DA:69,1
DA:70,1
DA:71,1
DA:72,0
DA:73,0
DA:74,0
DA:76,1
DA:79,0
DA:80,0
DA:81,0
DA:84,0
DA:85,0
DA:87,0
DA:88,0
DA:89,0
DA:90,0
DA:93,0
DA:94,0
DA:96,0
DA:97,0
DA:98,0
DA:99,0
DA:102,1
DA:103,0
DA:104,0
DA:105,0
DA:108,0
DA:109,0
DA:110,0
DA:112,0
DA:116,1
DA:132,0
DA:136,0
DA:139,0
DA:147,0
DA:149,0
DA:167,1
DA:182,0
DA:183,0
DA:184,0
DA:185,0
DA:186,0
DA:187,0
DA:189,0
DA:192,0
DA:193,0
DA:194,0
DA:195,0
DA:196,0
DA:200,0
DA:201,0
DA:205,0
DA:206,0
DA:207,0
DA:208,0
DA:211,0
DA:214,0
DA:215,0
DA:220,0
DA:221,0
DA:222,0
DA:223,0
DA:224,0
DA:225,0
DA:226,0
DA:227,0
DA:228,0
DA:229,0
DA:232,0
DA:234,0
DA:237,0
DA:238,0
DA:239,0
DA:240,0
DA:241,0
DA:242,0
DA:243,0
DA:246,0
DA:249,0
DA:260,0
DA:263,0
DA:264,0
DA:268,0
DA:269,0
DA:278,0
DA:279,0
DA:280,0
DA:282,0
DA:291,0
DA:293,0
DA:294,0
DA:295,0
DA:297,0
DA:298,0
DA:299,0
DA:301,0
DA:302,0
DA:303,0
DA:304,0
DA:305,0
DA:309,0
DA:310,0
DA:313,0
DA:314,0
DA:317,0
DA:318,0
DA:321,0
DA:322,0
DA:323,0
DA:324,0
DA:326,0
DA:327,0
DA:335,0
DA:336,0
DA:337,0
DA:338,0
DA:339,0
DA:342,0
DA:343,0
DA:344,0
DA:345,0
DA:348,0
DA:349,0
DA:350,0
DA:351,0
DA:352,0
DA:353,0
DA:354,0
DA:356,0
DA:359,0
DA:368,0
DA:372,0
DA:377,1
DA:379,1
DA:380,1
DA:382,1
DA:383,1
DA:384,1
DA:387,0
DA:390,0
DA:391,0
DA:393,0
DA:394,0
DA:397,0
DA:398,0
DA:399,0
DA:401,0
DA:404,0
DA:407,1
DA:408,0
DA:409,0
DA:410,0
LF:160
LH:22
BRDA:73,0,0,0
BRDA:73,0,1,0
BRDA:76,1,0,0
BRDA:76,1,1,0
BRDA:76,1,2,0
BRDA:76,1,3,0
BRDA:76,1,4,0
BRDA:76,1,5,0
BRDA:76,1,6,0
BRDA:76,1,7,1
BRDA:88,2,0,0
BRDA:88,2,1,0
BRDA:88,3,0,0
BRDA:88,3,1,0
BRDA:93,4,0,0
BRDA:93,4,1,0
BRDA:97,5,0,0
BRDA:97,5,1,0
BRDA:97,6,0,0
BRDA:97,6,1,0
BRDA:102,7,0,1
BRDA:102,7,1,0
BRDA:103,8,0,0
BRDA:103,8,1,0
BRDA:108,9,0,0
BRDA:108,9,1,0
BRDA:109,10,0,0
BRDA:109,10,1,0
BRDA:132,11,0,0
BRDA:132,11,1,0
BRDA:139,12,0,0
BRDA:139,12,1,0
BRDA:182,13,0,0
BRDA:182,13,1,0
BRDA:184,14,0,0
BRDA:184,14,1,0
BRDA:192,15,0,0
BRDA:192,15,1,0
BRDA:194,16,0,0
BRDA:194,16,1,0
BRDA:200,17,0,0
BRDA:200,17,1,0
BRDA:200,18,0,0
BRDA:200,18,1,0
BRDA:201,19,0,0
BRDA:201,19,1,0
BRDA:201,20,0,0
BRDA:201,20,1,0
BRDA:201,20,2,0
BRDA:206,21,0,0
BRDA:206,21,1,0
BRDA:211,22,0,0
BRDA:211,22,1,0
BRDA:211,23,0,0
BRDA:211,23,1,0
BRDA:214,24,0,0
BRDA:214,24,1,0
BRDA:224,25,0,0
BRDA:224,25,1,0
BRDA:226,26,0,0
BRDA:226,26,1,0
BRDA:227,27,0,0
BRDA:227,27,1,0
BRDA:229,28,0,0
BRDA:229,28,1,0
BRDA:234,29,0,0
BRDA:234,29,1,0
BRDA:237,30,0,0
BRDA:237,30,1,0
BRDA:240,31,0,0
BRDA:240,31,1,0
BRDA:241,32,0,0
BRDA:241,32,1,0
BRDA:242,33,0,0
BRDA:242,33,1,0
BRDA:243,34,0,0
BRDA:243,34,1,0
BRDA:246,35,0,0
BRDA:246,35,1,0
BRDA:268,36,0,0
BRDA:268,36,1,0
BRDA:291,37,0,0
BRDA:291,37,1,0
BRDA:304,38,0,0
BRDA:304,38,1,0
BRDA:310,39,0,0
BRDA:310,39,1,0
BRDA:322,40,0,0
BRDA:322,40,1,0
BRDA:335,41,0,0
BRDA:335,41,1,0
BRDA:344,42,0,0
BRDA:344,42,1,0
BRDA:354,43,0,0
BRDA:354,43,1,0
BRDA:377,44,0,0
BRDA:397,45,0,0
BRDA:397,45,1,0
BRDA:398,46,0,0
BRDA:398,46,1,0
BRDA:401,47,0,0
BRDA:401,47,1,0
BRDA:404,48,0,0
BRDA:404,48,1,0
BRDA:407,49,0,0
BRDA:407,49,1,1
BRF:106
BRH:3
end_of_record
TN:
SF:src/cli/mcpServer.ts
FN:146,toolError
FN:150,toolText
FN:155,validatePath
FN:163,handleScan
FN:178,(anonymous_13)
FN:180,(anonymous_14)
FN:181,(anonymous_15)
FN:217,handleGitHistoryScan
FN:249,handleListRules
FN:252,(anonymous_18)
FN:257,(anonymous_19)
FN:271,handleExplainRule
FN:286,(anonymous_21)
FN:287,(anonymous_22)
FN:293,dispatchTool
FN:306,startMcpServer
FN:315,(anonymous_25)
FN:317,(anonymous_26)
FN:333,(anonymous_27)
FNF:19
FNH:12
FNDA:5,toolError
FNDA:9,toolText
FNDA:6,validatePath
FNDA:6,handleScan
FNDA:16,(anonymous_13)
FNDA:208,(anonymous_14)
FNDA:185,(anonymous_15)
FNDA:0,handleGitHistoryScan
FNDA:3,handleListRules
FNDA:873,(anonymous_18)
FNDA:611,(anonymous_19)
FNDA:4,handleExplainRule
FNDA:0,(anonymous_21)
FNDA:0,(anonymous_22)
FNDA:3,dispatchTool
FNDA:0,startMcpServer
FNDA:0,(anonymous_25)
FNDA:0,(anonymous_26)
FNDA:0,(anonymous_27)
DA:33,2
DA:34,2
DA:35,2
DA:39,2
DA:40,2
DA:41,2
DA:42,2
DA:43,2
DA:44,2
DA:48,2
DA:147,5
DA:151,9
DA:152,9
DA:156,6
DA:157,5
DA:158,5
DA:159,4
DA:160,4
DA:163,2
DA:165,6
DA:167,4
DA:168,4
DA:169,4
DA:171,4
DA:178,4
DA:179,16
DA:180,208
DA:181,185
DA:193,4
DA:196,4
DA:197,4
DA:198,4
DA:199,185
DA:200,185
DA:203,4
DA:217,2
DA:219,0
DA:220,0
DA:221,0
DA:227,0
DA:228,0
DA:229,0
DA:230,0
DA:233,0
DA:237,0
DA:238,0
DA:239,0
DA:241,0
DA:242,0
DA:243,0
DA:245,0
DA:249,2
DA:250,3
DA:251,3
DA:252,3
DA:253,873
DA:254,291
DA:255,291
DA:257,611
DA:264,3
DA:271,2
DA:272,4
DA:273,4
DA:274,3
DA:275,3
DA:276,2
DA:286,0
DA:287,0
DA:293,2
DA:294,3
DA:295,0
DA:296,0
DA:297,1
DA:298,1
DA:300,1
DA:306,2
DA:307,0
DA:310,0
DA:315,0
DA:317,0
DA:318,0
DA:319,0
DA:320,0
DA:321,0
DA:323,0
DA:327,0
DA:328,0
DA:332,2
DA:333,0
DA:334,0
DA:335,0
LF:91
LH:58
BRDA:151,0,0,0
BRDA:151,0,1,9
BRDA:156,1,0,1
BRDA:156,1,1,5
BRDA:156,2,0,6
BRDA:156,2,1,5
BRDA:158,3,0,1
BRDA:158,3,1,4
BRDA:159,4,0,0
BRDA:159,4,1,4
BRDA:167,5,0,4
BRDA:167,5,1,2
BRDA:168,6,0,1
BRDA:168,6,1,3
BRDA:168,7,0,0
BRDA:168,7,1,3
BRDA:169,8,0,1
BRDA:169,8,1,3
BRDA:173,9,0,0
BRDA:173,9,1,4
BRDA:174,10,0,0
BRDA:174,10,1,4
BRDA:187,11,0,185
BRDA:187,11,1,0
BRDA:199,12,0,185
BRDA:199,12,1,41
BRDA:200,13,0,185
BRDA:200,13,1,10
BRDA:220,14,0,0
BRDA:220,14,1,0
BRDA:229,15,0,0
BRDA:229,15,1,0
BRDA:229,16,0,0
BRDA:229,16,1,0
BRDA:237,17,0,0
BRDA:237,17,1,0
BRDA:238,18,0,0
BRDA:238,18,1,0
BRDA:239,19,0,0
BRDA:239,19,1,0
BRDA:251,20,0,1
BRDA:251,20,1,2
BRDA:253,21,0,582
BRDA:253,21,1,291
BRDA:254,22,0,291
BRDA:254,22,1,0
BRDA:259,23,0,611
BRDA:259,23,1,0
BRDA:272,24,0,3
BRDA:272,24,1,1
BRDA:273,25,0,1
BRDA:273,25,1,3
BRDA:275,26,0,1
BRDA:275,26,1,2
BRDA:278,27,0,2
BRDA:278,27,1,0
BRDA:284,28,0,0
BRDA:284,28,1,2
BRDA:294,29,0,0
BRDA:294,29,1,0
BRDA:294,29,2,1
BRDA:294,29,3,1
BRDA:294,29,4,1
BRDA:311,30,0,0
BRDA:311,30,1,0
BRDA:323,31,0,0
BRDA:323,31,1,0
BRDA:332,32,0,0
BRDA:332,32,1,2
BRF:69
BRH:40
end_of_record
TN:
SF:src/cli/scan.ts
FN:59,parseArgs
FN:73,(anonymous_10)
FN:107,(anonymous_11)
FN:110,(anonymous_12)
FN:142,printHelp
FN:172,toSARIF
FN:176,toJSONOutput
FN:177,(anonymous_16)
FN:178,(anonymous_17)
FN:194,toText
FN:207,(anonymous_19)
FN:215,worstSeverity
FN:225,meetsFailThreshold
FN:235,runScanCli
FN:262,(anonymous_23)
FN:298,(anonymous_24)
FN:306,(anonymous_25)
FN:306,(anonymous_26)
FN:327,(anonymous_27)
FN:327,(anonymous_28)
FN:339,(anonymous_29)
FN:342,(anonymous_30)
FN:375,(anonymous_31)
FNF:23
FNH:13
FNDA:11,parseArgs
FNDA:11,(anonymous_10)
FNDA:2,(anonymous_11)
FNDA:2,(anonymous_12)
FNDA:1,printHelp
FNDA:0,toSARIF
FNDA:1,toJSONOutput
FNDA:1,(anonymous_16)
FNDA:1,(anonymous_17)
FNDA:1,toText
FNDA:1,(anonymous_19)
FNDA:3,worstSeverity
FNDA:7,meetsFailThreshold
FNDA:1,runScanCli
FNDA:0,(anonymous_23)
FNDA:0,(anonymous_24)
FNDA:0,(anonymous_25)
FNDA:0,(anonymous_26)
FNDA:0,(anonymous_27)
FNDA:0,(anonymous_28)
FNDA:0,(anonymous_29)
FNDA:0,(anonymous_30)
FNDA:0,(anonymous_31)
DA:30,2
DA:31,2
DA:32,2
DA:33,2
DA:38,2
DA:39,2
DA:40,2
DA:41,2
DA:42,2
DA:59,2
DA:60,11
DA:70,11
DA:71,11
DA:72,25
DA:73,25
DA:74,11
DA:75,11
DA:76,1
DA:78,10
DA:80,25
DA:83,0
DA:84,0
DA:85,0
DA:88,2
DA:89,1
DA:91,2
DA:92,2
DA:93,1
DA:95,1
DA:96,1
DA:99,2
DA:100,2
DA:101,1
DA:103,1
DA:104,1
DA:107,2
DA:108,1
DA:110,2
DA:111,1
DA:113,1
DA:114,1
DA:116,1
DA:117,1
DA:119,1
DA:120,1
DA:122,1
DA:123,1
DA:125,13
DA:126,2
DA:128,11
DA:129,1
DA:131,10
DA:132,10
DA:136,5
DA:137,1
DA:139,4
DA:143,1
DA:173,0
DA:176,2
DA:177,1
DA:178,1
DA:191,1
DA:194,2
DA:195,1
DA:196,1
DA:197,1
DA:198,1
DA:199,1
DA:200,1
DA:201,1
DA:202,2
DA:203,2
DA:205,1
DA:207,1
DA:208,1
DA:213,2
DA:215,2
DA:216,3
DA:217,3
DA:218,3
DA:219,3
DA:222,3
DA:225,2
DA:226,7
DA:227,5
DA:232,5
DA:235,2
DA:237,1
DA:238,1
DA:240,1
DA:241,1
DA:242,1
DA:245,0
DA:246,0
DA:251,0
DA:252,0
DA:254,0
DA:255,0
DA:257,0
DA:258,0
DA:259,0
DA:261,0
DA:262,0
DA:263,0
DA:268,0
DA:269,0
DA:271,0
DA:273,0
DA:274,0
DA:276,0
DA:278,0
DA:281,0
DA:282,0
DA:284,0
DA:287,0
DA:289,0
DA:290,0
DA:292,0
DA:293,0
DA:294,0
DA:298,0
DA:301,0
DA:302,0
DA:303,0
DA:304,0
DA:306,0
DA:307,0
DA:308,0
DA:309,0
DA:312,0
DA:316,0
DA:317,0
DA:318,0
DA:319,0
DA:321,0
DA:322,0
DA:324,0
DA:325,0
DA:327,0
DA:328,0
DA:329,0
DA:330,0
DA:333,0
DA:334,0
DA:335,0
DA:337,0
DA:339,0
DA:340,0
DA:342,0
DA:346,0
DA:347,0
DA:352,0
DA:358,0
DA:359,0
DA:360,0
DA:362,0
DA:365,0
DA:366,0
DA:368,0
DA:371,0
DA:374,2
DA:375,0
DA:376,0
DA:377,0
LF:164
LH:89
BRDA:75,0,0,1
BRDA:75,0,1,10
BRDA:80,1,0,0
BRDA:80,1,1,0
BRDA:80,1,2,0
BRDA:80,1,3,2
BRDA:80,1,4,2
BRDA:80,1,5,2
BRDA:80,1,6,1
BRDA:80,1,7,1
BRDA:80,1,8,1
BRDA:80,1,9,1
BRDA:80,1,10,1
BRDA:80,1,11,1
BRDA:80,1,12,13
BRDA:92,2,0,1
BRDA:92,2,1,1
BRDA:92,3,0,2
BRDA:92,3,1,2
BRDA:92,3,2,1
BRDA:100,4,0,1
BRDA:100,4,1,1
BRDA:100,5,0,2
BRDA:100,5,1,2
BRDA:100,5,2,1
BRDA:100,5,3,1
BRDA:113,6,0,1
BRDA:113,6,1,0
BRDA:125,7,0,2
BRDA:125,7,1,11
BRDA:128,8,0,1
BRDA:128,8,1,10
BRDA:136,9,0,1
BRDA:136,9,1,4
BRDA:198,10,0,0
BRDA:198,10,1,1
BRDA:219,11,0,2
BRDA:219,11,1,1
BRDA:219,12,0,3
BRDA:219,12,1,2
BRDA:226,13,0,2
BRDA:226,13,1,5
BRDA:226,14,0,7
BRDA:226,14,1,6
BRDA:235,15,0,0
BRDA:252,16,0,0
BRDA:252,16,1,0
BRDA:278,17,0,0
BRDA:278,17,1,0
BRDA:278,18,0,0
BRDA:278,18,1,0
BRDA:287,19,0,0
BRDA:287,19,1,0
BRDA:290,20,0,0
BRDA:290,20,1,0
BRDA:293,21,0,0
BRDA:293,21,1,0
BRDA:301,22,0,0
BRDA:301,22,1,0
BRDA:302,23,0,0
BRDA:302,23,1,0
BRDA:319,24,0,0
BRDA:319,24,1,0
BRDA:340,25,0,0
BRDA:340,25,1,0
BRDA:346,26,0,0
BRDA:346,26,1,0
BRDA:358,27,0,0
BRDA:358,27,1,0
BRDA:358,27,2,0
BRDA:358,27,3,0
BRDA:365,28,0,0
BRDA:365,28,1,0
BRDA:371,29,0,0
BRDA:371,29,1,0
BRDA:374,30,0,0
BRDA:374,30,1,2
BRF:77
BRH:40
end_of_record
TN:
SF:src/codeActions/fixes.ts
FN:45,replaceOnLine
FN:81,removeLine
FN:109,(anonymous_2)
FN:112,(anonymous_3)
FN:115,(anonymous_4)
FN:122,(anonymous_5)
FN:138,(anonymous_6)
FN:146,(anonymous_7)
FN:154,(anonymous_8)
FN:174,(anonymous_9)
FN:192,(anonymous_10)
FN:200,(anonymous_11)
FN:208,(anonymous_12)
FN:216,(anonymous_13)
FN:232,(anonymous_14)
FN:249,(anonymous_15)
FN:274,(anonymous_16)
FN:290,(anonymous_17)
FN:304,(anonymous_18)
FN:312,(anonymous_19)
FN:340,(anonymous_20)
FN:370,resolveFix
FNF:22
FNH:22
FNDA:22,replaceOnLine
FNDA:2,removeLine
FNDA:4,(anonymous_2)
FNDA:1,(anonymous_3)
FNDA:2,(anonymous_4)
FNDA:2,(anonymous_5)
FNDA:1,(anonymous_6)
FNDA:3,(anonymous_7)
FNDA:2,(anonymous_8)
FNDA:2,(anonymous_9)
FNDA:1,(anonymous_10)
FNDA:2,(anonymous_11)
FNDA:1,(anonymous_12)
FNDA:1,(anonymous_13)
FNDA:1,(anonymous_14)
FNDA:3,(anonymous_15)
FNDA:2,(anonymous_16)
FNDA:1,(anonymous_17)
FNDA:2,(anonymous_18)
FNDA:3,(anonymous_19)
FNDA:3,(anonymous_20)
FNDA:34,resolveFix
DA:52,22
DA:53,20
DA:54,20
DA:55,20
DA:56,20
DA:57,18
DA:67,0
DA:68,0
DA:69,0
DA:82,2
DA:84,2
DA:86,0
DA:96,2
DA:109,1
DA:110,4
DA:112,1
DA:113,1
DA:115,1
DA:116,2
DA:117,2
DA:118,1
DA:119,1
DA:122,1
DA:123,2
DA:124,2
DA:125,1
DA:127,1
DA:128,1
DA:135,0
DA:138,1
DA:139,1
DA:146,1
DA:147,3
DA:154,1
DA:155,2
DA:158,2
DA:159,1
DA:160,1
DA:162,1
DA:163,1
DA:174,1
DA:175,2
DA:176,2
DA:179,1
DA:186,1
DA:187,1
DA:189,0
DA:192,1
DA:193,1
DA:194,1
DA:195,1
DA:197,0
DA:200,1
DA:201,2
DA:203,2
DA:204,1
DA:205,1
DA:208,1
DA:209,1
DA:216,1
DA:217,1
DA:218,1
DA:220,1
DA:221,1
DA:232,1
DA:233,1
DA:235,1
DA:236,1
DA:243,0
DA:244,0
DA:246,0
DA:249,1
DA:250,3
DA:252,3
DA:253,3
DA:254,1
DA:262,2
DA:263,2
DA:264,1
DA:271,1
DA:274,1
DA:275,2
DA:277,2
DA:278,2
DA:279,1
DA:290,1
DA:291,1
DA:292,1
DA:293,1
DA:294,1
DA:301,0
DA:304,1
DA:305,2
DA:308,2
DA:309,1
DA:312,1
DA:313,3
DA:314,3
DA:315,3
DA:316,1
DA:323,2
DA:324,2
DA:325,1
DA:327,1
DA:332,1
DA:341,3
DA:370,1
DA:376,34
DA:377,34
DA:378,33
DA:379,33
DA:381,0
LF:112
LH:100
BRDA:52,0,0,2
BRDA:52,0,1,20
BRDA:52,1,0,22
BRDA:52,1,1,21
BRDA:54,2,0,20
BRDA:54,2,1,0
BRDA:56,3,0,2
BRDA:56,3,1,18
BRDA:68,4,0,0
BRDA:68,4,1,0
BRDA:82,5,0,0
BRDA:82,5,1,2
BRDA:82,6,0,2
BRDA:82,6,1,2
BRDA:84,7,0,0
BRDA:84,7,1,2
BRDA:117,8,0,1
BRDA:117,8,1,1
BRDA:118,9,0,0
BRDA:118,9,1,1
BRDA:124,10,0,1
BRDA:124,10,1,1
BRDA:127,11,0,1
BRDA:127,11,1,0
BRDA:158,12,0,1
BRDA:158,12,1,1
BRDA:160,13,0,0
BRDA:160,13,1,1
BRDA:176,14,0,1
BRDA:176,14,1,1
BRDA:186,15,0,1
BRDA:186,15,1,0
BRDA:194,16,0,1
BRDA:194,16,1,0
BRDA:203,17,0,1
BRDA:203,17,1,1
BRDA:204,18,0,0
BRDA:204,18,1,1
BRDA:218,19,0,0
BRDA:218,19,1,1
BRDA:220,20,0,1
BRDA:220,20,1,1
BRDA:235,21,0,1
BRDA:235,21,1,0
BRDA:243,22,0,0
BRDA:243,22,1,0
BRDA:253,23,0,1
BRDA:253,23,1,2
BRDA:263,24,0,1
BRDA:263,24,1,1
BRDA:278,25,0,1
BRDA:278,25,1,1
BRDA:293,26,0,1
BRDA:293,26,1,0
BRDA:308,27,0,1
BRDA:308,27,1,1
BRDA:315,28,0,1
BRDA:315,28,1,2
BRDA:324,29,0,1
BRDA:324,29,1,1
BRDA:341,30,0,3
BRDA:341,30,1,1
BRDA:377,31,0,1
BRDA:377,31,1,33
BRF:64
BRH:48
end_of_record
TN:
SF:src/integration/agentSnippets.ts
FN:108,agentById
FN:109,(anonymous_1)
FN:112,triggerSentence
FN:132,buildAgentInstructions
FN:165,buildMcpConfig
FN:171,(anonymous_5)
FN:191,formatMcpConfigForDisplay
FNF:7
FNH:7
FNDA:11,agentById
FNDA:17,(anonymous_1)
FNDA:11,triggerSentence
FNDA:11,buildAgentInstructions
FNDA:8,buildMcpConfig
FNDA:22,(anonymous_5)
FNDA:2,formatMcpConfigForDisplay
DA:48,2
DA:51,2
DA:58,2
DA:61,2
DA:68,2
DA:74,2
DA:109,17
DA:113,11
DA:115,1
DA:117,1
DA:123,9
DA:132,2
DA:133,11
DA:134,11
DA:135,11
DA:165,2
DA:171,22
DA:172,8
DA:184,8
DA:191,2
DA:192,2
DA:193,2
LF:22
LH:22
BRDA:109,0,0,11
BRDA:109,0,1,0
BRDA:113,1,0,1
BRDA:113,1,1,1
BRDA:113,1,2,9
BRDA:113,1,3,9
BRDA:132,2,0,2
BRDA:132,3,0,2
BRDA:165,4,0,1
BRDA:171,5,0,8
BRDA:171,5,1,0
BRDA:191,6,0,0
BRF:12
BRH:9
end_of_record
TN:
SF:src/rules/apiSecurityRules.ts
FNF:0
FNH:0
DA:1,9
DA:3,9
LF:2
LH:2
BRF:0
BRH:0
end_of_record
TN:
SF:src/rules/authRules.ts
FNF:0
FNH:0
DA:1,9
DA:3,9
LF:2
LH:2
BRF:0
BRH:0
end_of_record
TN:
SF:src/rules/businessLogicRules.ts
FNF:0
FNH:0
DA:1,9
DA:3,9
LF:2
LH:2
BRF:0
BRH:0
end_of_record
TN:
SF:src/rules/cmdInjectionRules.ts
FNF:0
FNH:0
DA:1,9
DA:22,9
DA:23,9
DA:26,9
DA:30,9
LF:5
LH:5
BRF:0
BRH:0
end_of_record
TN:
SF:src/rules/corsRules.ts
FNF:0
FNH:0
DA:1,9
DA:3,9
LF:2
LH:2
BRF:0
BRH:0
end_of_record
TN:
SF:src/rules/csrfRules.ts
FNF:0
FNH:0
DA:1,9
DA:3,9
LF:2
LH:2
BRF:0
BRH:0
end_of_record
TN:
SF:src/rules/databaseRules.ts
FNF:0
FNH:0
DA:1,9
DA:3,9
LF:2
LH:2
BRF:0
BRH:0
end_of_record
TN:
SF:src/rules/dependenciesRules.ts
FNF:0
FNH:0
DA:1,9
DA:3,9
LF:2
LH:2
BRF:0
BRH:0
end_of_record
TN:
SF:src/rules/deserializationRules.ts
FNF:0
FNH:0
DA:1,9
DA:25,9
DA:26,9
DA:29,9
DA:35,9
DA:38,9
LF:6
LH:6
BRF:0
BRH:0
end_of_record
TN:
SF:src/rules/dockerfileRules.ts
FN:166,(anonymous_0)
FNF:1
FNH:1
FNDA:72,(anonymous_0)
DA:1,9
DA:21,9
DA:22,9
DA:25,9
DA:31,9
DA:167,72
LF:6
LH:6
BRDA:167,0,0,63
BRDA:167,0,1,9
BRF:2
BRH:2
end_of_record
TN:
SF:src/rules/encryptionRules.ts
FNF:0
FNH:0
DA:1,9
DA:3,9
LF:2
LH:2
BRF:0
BRH:0
end_of_record
TN:
SF:src/rules/fileHandlingRules.ts
FNF:0
FNH:0
DA:1,9
DA:3,9
LF:2
LH:2
BRF:0
BRH:0
end_of_record
TN:
SF:src/rules/frontendRules.ts
FNF:0
FNH:0
DA:1,9
DA:3,9
LF:2
LH:2
BRF:0
BRH:0
end_of_record
TN:
SF:src/rules/index.ts
FN:68,getAllRules
FN:72,getRulesByCategory
FN:76,getRuleByCode
FN:77,(anonymous_3)
FN:80,getCategories
FNF:5
FNH:5
FNDA:323,getAllRules
FNDA:21,getRulesByCategory
FNDA:305,getRuleByCode
FNDA:44271,(anonymous_3)
FNDA:1,getCategories
DA:1,9
DA:2,9
DA:3,9
DA:4,9
DA:5,9
DA:6,9
DA:7,9
DA:8,9
DA:9,9
DA:10,9
DA:11,9
DA:12,9
DA:13,9
DA:14,9
DA:15,9
DA:16,9
DA:17,9
DA:18,9
DA:19,9
DA:20,9
DA:21,9
DA:22,9
DA:23,9
DA:24,9
DA:25,9
DA:26,9
DA:27,9
DA:28,9
DA:37,9
DA:39,9
DA:68,9
DA:69,323
DA:72,9
DA:73,21
DA:76,9
DA:77,44271
DA:80,9
DA:81,1
LF:38
LH:38
BRDA:73,0,0,21
BRDA:73,0,1,0
BRF:2
BRH:1
end_of_record
TN:
SF:src/rules/infrastructureRules.ts
FNF:0
FNH:0
DA:1,9
DA:3,9
LF:2
LH:2
BRF:0
BRH:0
end_of_record
TN:
SF:src/rules/inputValidationRules.ts
FNF:0
FNH:0
DA:1,9
DA:3,9
LF:2
LH:2
BRF:0
BRH:0
end_of_record
TN:
SF:src/rules/jwtRules.ts
FNF:0
FNH:0
DA:1,9
DA:23,9
DA:24,9
DA:26,9
LF:4
LH:4
BRF:0
BRH:0
end_of_record
TN:
SF:src/rules/kotlinAndroidRules.ts
FNF:0
FNH:0
DA:1,9
DA:3,9
DA:5,9
DA:80,9
DA:135,9
DA:227,9
DA:255,9
DA:269,9
DA:300,9
LF:9
LH:9
BRF:0
BRH:0
end_of_record
TN:
SF:src/rules/kubernetesRules.ts
FN:167,(anonymous_0)
FNF:1
FNH:1
FNDA:72,(anonymous_0)
DA:1,9
DA:14,9
DA:15,9
DA:17,9
DA:27,9
DA:42,9
DA:168,72
LF:7
LH:7
BRDA:168,0,0,72
BRDA:168,0,1,0
BRF:2
BRH:1
end_of_record
TN:
SF:src/rules/ldapRules.ts
FNF:0
FNH:0
DA:1,9
DA:17,9
DA:18,9
DA:21,9
DA:25,9
LF:5
LH:5
BRF:0
BRH:0
end_of_record
TN:
SF:src/rules/loggingRules.ts
FNF:0
FNH:0
DA:1,9
DA:3,9
LF:2
LH:2
BRF:0
BRH:0
end_of_record
TN:
SF:src/rules/oauthRules.ts
FNF:0
FNH:0
DA:1,9
DA:28,9
DA:29,9
DA:31,9
LF:4
LH:4
BRF:0
BRH:0
end_of_record
TN:
SF:src/rules/providerSecretsRules.ts
FN:386,(anonymous_0)
FNF:1
FNH:1
FNDA:261,(anonymous_0)
DA:1,9
DA:28,9
DA:29,9
DA:32,9
DA:39,9
DA:386,261
LF:6
LH:6
BRF:0
BRH:0
end_of_record
TN:
SF:src/rules/secretsRules.ts
FNF:0
FNH:0
DA:1,9
DA:3,9
LF:2
LH:2
BRF:0
BRH:0
end_of_record
TN:
SF:src/rules/securityHeadersRules.ts
FNF:0
FNH:0
DA:1,9
DA:3,9
LF:2
LH:2
BRF:0
BRH:0
end_of_record
TN:
SF:src/rules/ssrfRules.ts
FNF:0
FNH:0
DA:1,9
DA:27,9
DA:28,9
DA:33,9
DA:34,9
DA:35,9
DA:37,9
DA:44,9
DA:48,9
LF:9
LH:9
BRF:0
BRH:0
end_of_record
TN:
SF:src/rules/sstiRules.ts
FNF:0
FNH:0
DA:1,9
DA:17,9
DA:18,9
DA:20,9
DA:23,9
DA:26,9
LF:6
LH:6
BRF:0
BRH:0
end_of_record
TN:
SF:src/rules/terraformRules.ts
FN:204,(anonymous_0)
FNF:1
FNH:1
FNDA:90,(anonymous_0)
DA:1,9
DA:16,9
DA:17,9
DA:19,9
DA:25,9
DA:205,90
LF:6
LH:6
BRDA:205,0,0,90
BRDA:205,0,1,0
BRF:2
BRH:1
end_of_record
TN:
SF:src/rules/xxeRules.ts
FNF:0
FNH:0
DA:1,9
DA:17,9
DA:18,9
DA:22,9
DA:36,9
LF:5
LH:5
BRF:0
BRH:0
end_of_record
